[2024-06-03T07:00:02.294Z] No action for HAL.
[2024-06-03T07:00:06.761Z] No action for NEE.
[2024-06-03T07:00:11.447Z] No action for DUK.
[2024-06-03T07:00:15.937Z] No action for D.
[2024-06-03T07:00:20.208Z] No action for SO.
[2024-06-03T07:00:24.506Z] No action for AEP.
[2024-06-03T07:00:28.502Z] No action for VZ.
[2024-06-03T07:00:33.004Z] No action for T.
[2024-06-03T07:00:37.399Z] No action for TMUS.
[2024-06-03T07:00:41.936Z] No action for CMCSA.
[2024-06-03T07:00:45.980Z] No action for CHTR.
[2024-06-03T07:00:50.019Z] No action for DIS.
[2024-06-03T07:00:57.579Z] No action for MCD.
[2024-06-03T07:01:01.477Z] No action for SBUX.
[2024-06-03T07:01:05.913Z] Bought 20 shares of NFLX at 642.03 each.
[2024-06-03T07:01:09.589Z] No action for BKNG.
[2024-06-03T07:07:03.285Z] No action for TSM.
[2024-06-03T07:07:07.870Z] No action for ARM.
[2024-06-03T07:07:11.459Z] No action for TSLA.
[2024-06-03T07:07:15.003Z] No action for AAPL.
[2024-06-03T07:07:18.529Z] Bought 9 shares of NVDA at 1095.95 each.
[2024-06-03T07:07:22.767Z] No action for MGM.
[2024-06-03T07:07:26.292Z] No action for GPS.
[2024-06-03T07:07:29.986Z] No action for AMZN.
[2024-06-03T07:07:33.454Z] No action for RIVN.
[2024-06-03T07:07:37.004Z] No action for F.
[2024-06-03T07:07:40.439Z] No action for MSFT.
[2024-06-03T07:07:43.694Z] No action for META.
[2024-06-03T07:07:47.514Z] No action for GOOG.
[2024-06-03T07:07:51.281Z] No action for FLNC.
[2024-06-03T07:07:54.603Z] No action for LLY.
[2024-06-03T07:07:58.054Z] No action for JPM.
[2024-06-03T07:08:02.420Z] No action for PG.
[2024-06-03T07:08:06.039Z] No action for AMD.
[2024-06-03T07:08:10.103Z] No action for PYPL.
[2024-06-03T07:08:14.087Z] No action for EXC.
[2024-06-03T07:08:17.388Z] No action for EA.
[2024-06-03T07:08:20.862Z] No action for BIIB.
[2024-06-03T07:08:24.286Z] No action for JD.
[2024-06-03T07:08:27.531Z] No action for HPQ.
[2024-06-03T07:08:30.845Z] Bought 64 shares of RCL at 148.43 each.
[2024-06-03T07:08:34.349Z] No action for ARM.
[2024-06-03T07:08:38.070Z] Bought 52 shares of ANF at 172.87 each.
[2024-06-03T07:08:41.476Z] No action for CHWY.
[2024-06-03T07:08:45.722Z] No action for JNJ.
[2024-06-03T07:08:49.364Z] No action for PFE.
[2024-06-03T07:08:52.963Z] No action for MRK.
[2024-06-03T07:08:56.351Z] No action for UNH.
[2024-06-03T07:08:59.922Z] No action for ABBV.
[2024-06-03T07:09:03.512Z] No action for BAC.
[2024-06-03T07:09:06.902Z] No action for GS.
[2024-06-03T07:09:10.650Z] No action for C.
[2024-06-03T07:09:14.155Z] No action for WFC.
[2024-06-03T07:09:17.742Z] No action for KO.
[2024-06-03T07:09:21.225Z] No action for PEP.
[2024-06-03T07:09:24.778Z] No action for UL.
[2024-06-03T07:09:28.647Z] No action for CL.
[2024-06-03T07:09:32.012Z] No action for GE.
[2024-06-03T07:09:35.594Z] No action for BA.
[2024-06-03T07:09:39.066Z] No action for CAT.
[2024-06-03T07:09:43.018Z] No action for MMM.
[2024-06-03T07:09:46.654Z] No action for HON.
[2024-06-03T07:09:50.005Z] No action for XOM.
[2024-06-03T07:09:54.430Z] No action for CVX.
[2024-06-03T07:09:57.886Z] No action for COP.
[2024-06-03T07:10:01.290Z] Bought 187 shares of SLB at 45.89 each.
[2024-06-03T07:10:05.528Z] No action for HAL.
[2024-06-03T07:10:09.840Z] No action for NEE.
[2024-06-03T07:10:13.640Z] No action for DUK.
[2024-06-03T07:10:17.788Z] No action for D.
[2024-06-03T07:10:21.130Z] No action for SO.
[2024-06-03T07:10:24.519Z] No action for AEP.
[2024-06-03T07:10:27.889Z] No action for VZ.
[2024-06-03T07:10:31.375Z] No action for T.
[2024-06-03T07:10:34.904Z] No action for TMUS.
[2024-06-03T07:10:38.653Z] No action for CMCSA.
[2024-06-03T07:10:42.349Z] No action for CHTR.
[2024-06-03T07:10:45.820Z] No action for DIS.
[2024-06-03T07:10:49.571Z] No action for MCD.
[2024-06-03T07:10:52.877Z] No action for SBUX.
[2024-06-03T07:10:56.336Z] Bought 12 shares of NFLX at 642.03 each.
[2024-06-03T07:10:59.788Z] No action for BKNG.
[2024-06-03T07:14:37.620Z] No action for TSM.
[2024-06-03T07:14:42.218Z] No action for ARM.
[2024-06-03T07:14:45.680Z] No action for TSLA.
[2024-06-03T07:14:50.100Z] No action for AAPL.
[2024-06-03T07:14:53.690Z] Bought 9 shares of NVDA at 1095.95 each.
[2024-06-03T07:14:57.240Z] No action for MGM.
[2024-06-03T07:15:00.727Z] No action for GPS.
[2024-06-03T07:15:04.232Z] No action for AMZN.
[2024-06-03T07:15:08.034Z] No action for RIVN.
[2024-06-03T07:15:11.577Z] No action for F.
[2024-06-03T07:15:15.514Z] No action for MSFT.
[2024-06-03T07:15:19.199Z] No action for META.
[2024-06-03T07:15:22.858Z] No action for GOOG.
[2024-06-03T07:15:26.333Z] No action for FLNC.
[2024-06-03T07:15:29.628Z] No action for LLY.
[2024-06-03T07:15:33.753Z] No action for JPM.
[2024-06-03T07:15:36.797Z] No action for PG.
[2024-06-03T07:15:40.611Z] No action for AMD.
[2024-06-03T07:15:44.304Z] No action for PYPL.
[2024-06-03T07:15:47.841Z] No action for EXC.
[2024-06-03T07:15:51.464Z] Bought 71 shares of EA at 132.88 each.
[2024-06-03T07:15:55.295Z] No action for BIIB.
[2024-06-03T07:15:58.694Z] No action for JD.
[2024-06-03T07:16:03.612Z] No action for HPQ.
[2024-06-03T07:16:07.460Z] Bought 60 shares of RCL at 148.43 each.
[2024-06-03T07:16:11.425Z] No action for ARM.
[2024-06-03T07:16:15.835Z] Bought 49 shares of ANF at 172.87 each.
[2024-06-03T07:16:19.538Z] No action for CHWY.
[2024-06-03T07:16:23.521Z] No action for JNJ.
[2024-06-03T07:16:26.738Z] No action for PFE.
[2024-06-03T07:16:30.082Z] No action for MRK.
[2024-06-03T07:16:34.249Z] No action for UNH.
[2024-06-03T07:16:37.623Z] No action for ABBV.
[2024-06-03T07:16:41.292Z] No action for BAC.
[2024-06-03T07:16:45.089Z] No action for GS.
[2024-06-03T07:16:48.952Z] No action for C.
[2024-06-03T07:16:52.571Z] No action for WFC.
[2024-06-03T07:16:55.943Z] No action for KO.
[2024-06-03T07:17:00.096Z] No action for PEP.
[2024-06-03T07:17:03.388Z] No action for UL.
[2024-06-03T07:17:06.786Z] No action for CL.
[2024-06-03T07:17:10.623Z] No action for GE.
[2024-06-03T07:17:14.044Z] No action for BA.
[2024-06-03T07:17:18.187Z] No action for CAT.
[2024-06-03T07:17:21.624Z] No action for MMM.
[2024-06-03T07:17:25.231Z] No action for HON.
[2024-06-03T07:17:28.839Z] No action for XOM.
[2024-06-03T07:17:32.805Z] No action for CVX.
[2024-06-03T07:17:36.437Z] No action for COP.
[2024-06-03T07:17:39.973Z] Bought 177 shares of SLB at 45.89 each.
[2024-06-03T07:17:43.567Z] No action for HAL.
[2024-06-03T07:17:46.995Z] No action for NEE.
[2024-06-03T07:17:51.162Z] No action for DUK.
[2024-06-03T07:17:54.618Z] No action for D.
[2024-06-03T07:17:57.910Z] No action for SO.
[2024-06-03T07:18:01.428Z] No action for AEP.
[2024-06-03T07:18:05.791Z] No action for VZ.
[2024-06-03T07:18:10.113Z] No action for T.
[2024-06-03T07:18:14.489Z] No action for TMUS.
[2024-06-03T07:18:18.131Z] Bought 193 shares of CMCSA at 40.03 each.
[2024-06-03T07:18:22.304Z] No action for CHTR.
[2024-06-03T07:18:27.397Z] No action for DIS.
[2024-06-03T07:18:30.645Z] No action for MCD.
[2024-06-03T07:18:34.678Z] No action for SBUX.
[2024-06-03T07:18:38.475Z] Bought 11 shares of NFLX at 642.03 each.
[2024-06-03T07:18:41.655Z] No action for BKNG.
[2024-06-03T21:40:21.786Z] No action for TSM.
[2024-06-03T21:40:25.022Z] No action for ARM.
[2024-06-03T21:40:28.203Z] No action for TSLA.
[2024-06-03T21:40:31.577Z] No action for AAPL.
[2024-06-03T21:40:35.302Z] Bought 8 shares of NVDA at 1150 each.
[2024-06-03T21:40:38.327Z] Bought 237 shares of MGM at 40.12 each.
[2024-06-03T21:40:41.844Z] No action for GPS.
[2024-06-03T21:40:46.125Z] No action for AMZN.
[2024-06-03T21:40:49.504Z] No action for RIVN.
[2024-06-03T21:40:52.978Z] No action for F.
[2024-06-03T21:40:56.299Z] No action for MSFT.
[2024-06-03T21:40:59.611Z] No action for META.
[2024-06-03T21:41:03.210Z] No action for GOOG.
[2024-06-03T21:41:06.354Z] No action for FLNC.
[2024-06-03T21:41:09.554Z] No action for LLY.
[2024-06-03T21:41:12.828Z] No action for JPM.
[2024-06-03T21:41:15.952Z] No action for PG.
[2024-06-03T21:41:19.425Z] No action for AMD.
[2024-06-03T21:41:22.787Z] No action for PYPL.
[2024-06-03T21:41:25.990Z] No action for EXC.
[2024-06-03T21:41:29.210Z] Bought 67 shares of EA at 133.39 each.
[2024-06-03T21:41:32.555Z] No action for BIIB.
[2024-06-03T21:41:36.019Z] No action for JD.
[2024-06-03T21:41:39.351Z] No action for HPQ.
[2024-06-03T21:41:42.720Z] Bought 57 shares of RCL at 150.3 each.
[2024-06-03T21:41:46.072Z] No action for ARM.
[2024-06-03T21:41:49.465Z] Bought 47 shares of ANF at 172.87 each.
[2024-06-03T21:41:52.840Z] Bought 352 shares of CHWY at 22.08 each.
[2024-06-03T21:41:56.729Z] No action for JNJ.
[2024-06-03T21:42:00.676Z] No action for PFE.
[2024-06-03T21:42:04.520Z] No action for MRK.
[2024-06-03T21:42:08.482Z] No action for UNH.
[2024-06-03T21:42:12.069Z] No action for ABBV.
[2024-06-03T21:42:15.624Z] No action for BAC.
[2024-06-03T21:42:19.194Z] No action for GS.
[2024-06-03T21:42:22.594Z] No action for C.
[2024-06-03T21:42:26.539Z] No action for WFC.
[2024-06-03T21:42:30.127Z] No action for KO.
[2024-06-03T21:42:33.608Z] No action for PEP.
[2024-06-03T21:42:37.669Z] No action for UL.
[2024-06-03T21:42:40.999Z] No action for CL.
[2024-06-03T21:42:44.988Z] No action for GE.
[2024-06-03T21:42:48.499Z] No action for BA.
[2024-06-03T21:42:52.432Z] No action for CAT.
[2024-06-03T21:42:55.584Z] No action for MMM.
[2024-06-03T21:42:58.812Z] No action for HON.
[2024-06-03T21:43:02.369Z] No action for XOM.
[2024-06-03T21:43:06.133Z] No action for CVX.
[2024-06-03T21:43:09.257Z] No action for COP.
[2024-06-03T21:43:12.782Z] No action for SLB.
[2024-06-03T21:43:16.125Z] No action for HAL.
[2024-06-03T21:43:19.484Z] No action for NEE.
[2024-06-03T21:43:22.761Z] No action for DUK.
[2024-06-03T21:43:25.957Z] No action for D.
[2024-06-03T21:43:29.081Z] No action for SO.
[2024-06-03T21:43:32.435Z] No action for AEP.
[2024-06-03T21:43:35.790Z] No action for VZ.
[2024-06-03T21:43:38.994Z] No action for T.
[2024-06-03T21:43:42.247Z] No action for TMUS.
[2024-06-03T21:43:45.936Z] No action for CMCSA.
[2024-06-03T21:43:49.207Z] No action for CHTR.
[2024-06-03T21:43:52.422Z] No action for DIS.
[2024-06-03T21:43:55.949Z] No action for MCD.
[2024-06-03T21:43:59.166Z] No action for SBUX.
[2024-06-03T21:44:02.927Z] Bought 11 shares of NFLX at 633.79 each.
[2024-06-03T21:44:08.879Z] No action for OSCR.
[2024-06-03T21:44:15.297Z] No action for VMEO.
[2024-06-03T21:44:19.526Z] No action for WWW.
[2024-06-03T21:44:25.590Z] No action for BRFS.
[2024-06-03T21:44:29.040Z] No action for DFIN.
[2024-06-03T21:44:35.373Z] No action for GTN.
[2024-06-03T21:44:39.156Z] No action for HIMS.
[2024-06-03T21:44:44.948Z] No action for MMYT.
[2024-06-03T21:44:51.718Z] Bought 71 shares of ML at 98.5 each.
[2024-06-03T21:44:55.818Z] No action for PCTY.
[2024-06-03T21:45:01.703Z] No action for RGA.
[2024-06-03T21:45:07.666Z] No action for SSTK.
[2024-06-03T21:45:13.532Z] No action for JYNT.
[2024-06-03T21:45:16.800Z] Bought 123 shares of WRK at 54.03 each.
[2024-06-03T21:45:20.219Z] No action for WWD.
[2024-06-03T21:45:23.243Z] No action for AROC.
[2024-06-03T21:45:28.628Z] No action for CRS.
[2024-06-03T21:45:34.411Z] Bought 719 shares of NVRI at 8.85 each.
[2024-06-03T21:45:40.533Z] No action for GVA.
[2024-06-03T21:45:43.624Z] No action for HAS.
[2024-06-03T21:45:46.738Z] No action for LDOS.
[2024-06-03T21:45:50.093Z] No action for NWPX.
[2024-06-03T21:45:53.062Z] No action for OSPN.
[2024-06-03T21:45:56.225Z] No action for AGS.
[2024-06-03T21:46:01.934Z] No action for SPXC.
[2024-06-03T21:46:05.417Z] No action for VMI.
[2024-06-03T21:46:08.586Z] Bought 169 shares of AXTA at 35.59 each.
[2024-06-03T21:46:12.096Z] No action for GRMN.
[2024-06-03T21:46:15.491Z] Bought 2697 shares of NGD at 2.1301 each.
[2024-06-03T21:46:18.883Z] No action for CVLT.
[2024-06-03T21:46:24.499Z] No action for VTMX.
[2024-06-03T21:46:27.814Z] No action for MS.
[2024-06-03T21:46:31.207Z] No action for POWL.
[2024-06-03T21:46:36.866Z] No action for TMHC.
[2024-06-03T21:46:40.662Z] No action for WING.
[2024-06-03T21:46:43.790Z] No action for ZBRA.
[2024-06-03T21:46:46.798Z] No action for AEM.
[2024-06-03T21:46:52.641Z] No action for MBIN.
[2024-06-03T21:46:55.753Z] Bought 64 shares of MTX at 85.07 each.
[2024-06-03T21:47:01.512Z] No action for AMKR.
[2024-06-03T21:47:07.231Z] Bought 83 shares of HNI at 44.35 each.
[2024-06-03T21:47:10.688Z] No action for KALU.
[2024-06-03T21:47:13.782Z] No action for SKX.
[2024-06-03T21:47:16.995Z] No action for UMBF.
[2024-06-03T21:47:20.038Z] No action for CSL.
[2024-06-03T21:47:23.510Z] No action for NTNX.
[2024-06-03T21:47:26.773Z] No action for OSK.
[2024-06-03T21:47:29.838Z] No action for PUBM.
[2024-06-03T21:47:35.436Z] No action for SKYW.
[2024-06-03T21:47:42.011Z] No action for TPH.
[2024-06-03T21:47:45.412Z] No action for SPOT.
[2024-06-03T21:47:49.141Z] No action for WAB.
[2024-06-03T21:47:54.561Z] No action for ERO.
[2024-06-03T21:47:58.024Z] No action for PHM.
[2024-06-03T21:48:07.744Z] Bought 1 shares of ASIX at 24.09 each.
[2024-06-03T21:48:13.326Z] No action for LPX.
[2024-06-03T21:48:20.837Z] No action for BMI.
[2024-06-03T21:48:26.579Z] No action for GFI.
[2024-06-03T21:48:32.413Z] No action for FBK.
[2024-06-03T21:48:43.544Z] No action for SUZ.
[2024-06-03T21:49:03.172Z] No action for NTRS.
[2024-06-03T21:49:10.128Z] No action for GRPN.
[2024-06-03T21:49:13.624Z] No action for BB.
[2024-06-03T21:49:20.015Z] No action for GCT.
[2024-06-03T21:49:25.822Z] No action for CIFR.
[2024-06-03T21:49:31.384Z] No action for FIX.
[2024-06-03T21:49:38.269Z] No action for HCI.
[2024-06-03T21:49:41.695Z] No action for EME.
[2024-06-03T21:49:51.843Z] No action for BKNG.
[2024-06-03T21:49:57.570Z] No action for BSIG.
[2024-06-03T21:50:13.668Z] No action for IVR.
[2024-06-03T21:50:19.235Z] No action for ITOCY.
[2024-06-03T21:50:23.390Z] No action for JHG.
[2024-06-03T21:50:27.001Z] No action for LMAT.
[2024-06-03T21:50:32.933Z] No action for MSADY.
[2024-06-03T21:50:36.847Z] No action for M.
[2024-06-03T21:50:40.666Z] No action for MLM.
[2024-06-03T21:55:10.498Z] No action for TSM.
[2024-06-03T21:55:13.918Z] No action for ARM.
[2024-06-03T21:55:17.364Z] No action for TSLA.
[2024-06-03T21:55:20.552Z] No action for AAPL.
[2024-06-03T21:55:23.635Z] Bought 8 shares of NVDA at 1150 each.
[2024-06-03T21:55:26.894Z] Bought 237 shares of MGM at 40.12 each.
[2024-06-03T21:55:30.049Z] No action for GPS.
[2024-06-03T21:55:33.177Z] No action for AMZN.
[2024-06-03T21:55:36.328Z] No action for RIVN.
[2024-06-03T21:55:39.531Z] No action for F.
[2024-06-03T21:55:42.668Z] No action for MSFT.
[2024-06-03T21:55:46.270Z] No action for META.
[2024-06-03T21:55:49.481Z] No action for GOOG.
[2024-06-03T21:55:52.464Z] No action for FLNC.
[2024-06-03T21:55:55.572Z] No action for LLY.
[2024-06-03T21:55:58.790Z] No action for JPM.
[2024-06-03T21:56:02.238Z] No action for PG.
[2024-06-03T21:56:05.649Z] No action for AMD.
[2024-06-03T21:56:09.415Z] No action for PYPL.
[2024-06-03T21:56:13.056Z] No action for EXC.
[2024-06-03T21:56:16.823Z] Bought 67 shares of EA at 133.39 each.
[2024-06-03T21:56:20.437Z] No action for BIIB.
[2024-06-03T21:56:23.887Z] No action for JD.
[2024-06-03T21:56:27.202Z] No action for HPQ.
[2024-06-03T21:56:30.588Z] Bought 57 shares of RCL at 150.3 each.
[2024-06-03T21:56:34.120Z] No action for ARM.
[2024-06-03T21:56:38.144Z] Bought 47 shares of ANF at 172.87 each.
[2024-06-03T21:56:41.263Z] Bought 352 shares of CHWY at 22.08 each.
[2024-06-03T21:56:44.525Z] No action for JNJ.
[2024-06-03T21:56:47.771Z] No action for PFE.
[2024-06-03T21:56:51.102Z] No action for MRK.
[2024-06-03T21:56:54.145Z] No action for UNH.
[2024-06-03T21:56:57.351Z] No action for ABBV.
[2024-06-03T21:57:00.468Z] No action for BAC.
[2024-06-03T21:57:03.577Z] No action for GS.
[2024-06-03T21:57:06.703Z] No action for C.
[2024-06-03T21:57:09.810Z] No action for WFC.
[2024-06-03T21:57:12.896Z] No action for KO.
[2024-06-03T21:57:16.377Z] No action for PEP.
[2024-06-03T21:57:19.697Z] No action for UL.
[2024-06-03T21:57:22.871Z] No action for CL.
[2024-06-03T21:57:26.271Z] No action for GE.
[2024-06-03T21:57:29.578Z] No action for BA.
[2024-06-03T21:57:32.717Z] No action for CAT.
[2024-06-03T21:57:35.944Z] No action for MMM.
[2024-06-03T21:57:39.294Z] No action for HON.
[2024-06-03T21:57:42.599Z] No action for XOM.
[2024-06-03T21:57:45.661Z] No action for CVX.
[2024-06-03T21:57:48.814Z] No action for COP.
[2024-06-03T21:57:52.373Z] No action for SLB.
[2024-06-03T21:57:55.796Z] No action for HAL.
[2024-06-03T21:57:59.030Z] No action for NEE.
[2024-06-03T21:58:02.523Z] No action for DUK.
[2024-06-03T21:58:06.582Z] No action for D.
[2024-06-03T21:58:10.592Z] No action for SO.
[2024-06-03T21:58:15.073Z] No action for AEP.
[2024-06-03T21:58:18.475Z] No action for VZ.
[2024-06-03T21:58:22.463Z] No action for T.
[2024-06-03T21:58:25.841Z] No action for TMUS.
[2024-06-03T21:58:29.145Z] No action for CMCSA.
[2024-06-03T21:58:32.667Z] No action for CHTR.
[2024-06-03T21:58:36.157Z] No action for DIS.
[2024-06-03T21:58:40.055Z] No action for MCD.
[2024-06-03T21:58:43.131Z] No action for SBUX.
[2024-06-03T21:58:46.338Z] Bought 11 shares of NFLX at 633.79 each.
[2024-06-03T21:58:52.380Z] No action for OSCR.
[2024-06-03T21:58:58.779Z] No action for VMEO.
[2024-06-03T21:59:02.583Z] No action for WWW.
[2024-06-03T21:59:08.229Z] No action for BRFS.
[2024-06-03T21:59:11.508Z] No action for DFIN.
[2024-06-03T21:59:17.055Z] No action for GTN.
[2024-06-03T21:59:20.422Z] No action for HIMS.
[2024-06-03T21:59:26.339Z] No action for MMYT.
[2024-06-03T21:59:32.284Z] Bought 71 shares of ML at 98.5 each.
[2024-06-03T21:59:35.594Z] No action for PCTY.
[2024-06-03T21:59:41.919Z] No action for RGA.
[2024-06-03T21:59:48.183Z] No action for SSTK.
[2024-06-03T21:59:53.993Z] No action for JYNT.
[2024-06-03T21:59:57.521Z] Bought 123 shares of WRK at 54.03 each.
[2024-06-03T22:00:00.872Z] No action for WWD.
[2024-06-03T22:00:04.453Z] No action for AROC.
[2024-06-03T22:00:11.065Z] No action for CRS.
[2024-06-03T22:00:17.099Z] Bought 719 shares of NVRI at 8.85 each.
[2024-06-03T22:00:23.328Z] No action for GVA.
[2024-06-03T22:00:26.817Z] No action for HAS.
[2024-06-03T22:00:30.031Z] No action for LDOS.
[2024-06-03T22:00:33.601Z] No action for NWPX.
[2024-06-03T22:00:37.015Z] No action for OSPN.
[2024-06-03T22:00:40.504Z] No action for AGS.
[2024-06-03T22:00:46.271Z] No action for SPXC.
[2024-06-03T22:00:53.101Z] No action for VMI.
[2024-06-03T22:00:56.466Z] Bought 169 shares of AXTA at 35.59 each.
[2024-06-03T22:01:02.732Z] No action for GRMN.
[2024-06-03T22:01:06.410Z] Bought 2697 shares of NGD at 2.1301 each.
[2024-06-03T22:01:10.070Z] No action for CVLT.
[2024-06-03T22:01:15.938Z] No action for VTMX.
[2024-06-03T22:01:19.241Z] No action for MS.
[2024-06-03T22:01:22.762Z] No action for POWL.
[2024-06-03T22:01:29.127Z] No action for TMHC.
[2024-06-03T22:01:32.821Z] No action for WING.
[2024-06-03T22:01:36.013Z] No action for ZBRA.
[2024-06-03T22:01:39.422Z] No action for AEM.
[2024-06-03T22:01:45.081Z] No action for MBIN.
[2024-06-03T22:01:48.268Z] Bought 64 shares of MTX at 85.07 each.
[2024-06-03T22:01:53.965Z] No action for AMKR.
[2024-06-03T22:02:00.242Z] Bought 83 shares of HNI at 44.35 each.
[2024-06-03T22:02:04.019Z] No action for KALU.
[2024-06-03T22:02:07.552Z] No action for SKX.
[2024-06-03T22:02:10.868Z] No action for UMBF.
[2024-06-03T22:02:14.362Z] No action for CSL.
[2024-06-03T22:02:18.798Z] No action for NTNX.
[2024-06-03T22:02:22.339Z] No action for OSK.
[2024-06-03T22:02:25.749Z] No action for PUBM.
[2024-06-03T22:02:31.014Z] No action for SKYW.
[2024-06-03T22:02:36.998Z] No action for TPH.
[2024-06-03T22:02:40.422Z] No action for SPOT.
[2024-06-03T22:02:43.822Z] No action for WAB.
[2024-06-03T22:02:50.244Z] No action for ERO.
[2024-06-03T22:02:53.997Z] No action for PHM.
[2024-06-03T22:03:03.057Z] Bought 1 shares of ASIX at 24.09 each.
[2024-06-03T22:03:09.188Z] No action for LPX.
[2024-06-03T22:03:15.970Z] No action for BMI.
[2024-06-03T22:03:21.780Z] No action for GFI.
[2024-06-03T22:03:27.012Z] No action for FBK.
[2024-06-03T22:03:37.964Z] No action for SUZ.
[2024-06-03T22:03:57.372Z] No action for NTRS.
[2024-06-03T22:04:04.602Z] No action for GRPN.
[2024-06-03T22:04:07.737Z] No action for BB.
[2024-06-03T22:04:14.950Z] No action for GCT.
[2024-06-03T22:04:21.668Z] No action for CIFR.
[2024-06-03T22:04:27.361Z] No action for FIX.
[2024-06-03T22:04:33.106Z] No action for HCI.
[2024-06-03T22:04:37.003Z] No action for EME.
[2024-06-03T22:04:47.482Z] No action for BKNG.
[2024-06-03T22:04:53.512Z] No action for BSIG.
[2024-06-03T22:05:08.675Z] No action for IVR.
[2024-06-03T22:05:14.070Z] No action for ITOCY.
[2024-06-03T22:05:17.331Z] No action for JHG.
[2024-06-03T22:05:20.620Z] No action for LMAT.
[2024-06-03T22:05:23.668Z] No action for M.
[2024-06-03T22:05:27.170Z] No action for MLM.
[2024-06-03T22:05:32.345Z] No action for NTIC.
[2024-06-03T22:05:41.480Z] No action for PDD.
[2024-06-03T22:05:45.038Z] No action for RSVR.
[2024-06-03T22:05:50.242Z] No action for SM.
[2024-06-03T22:05:56.080Z] No action for SGRP.
[2024-06-03T22:06:01.950Z] No action for ODP.
[2024-06-03T22:06:05.649Z] No action for WU.
[2024-06-03T22:06:11.284Z] No action for UPLD.
[2024-06-03T22:06:20.806Z] No action for APTV.
[2024-06-03T22:06:24.244Z] No action for EAT.
[2024-06-03T22:06:29.806Z] No action for CPA.
[2024-06-03T22:06:40.740Z] Bought 1 shares of PBI at 5.42 each.
[2024-06-03T22:06:46.571Z] No action for UNCRY.
[2024-06-03T22:06:55.883Z] Holding ANF. No action taken.
[2024-06-03T22:07:07.881Z] No action for COOP.
[2024-06-03T22:07:13.829Z] No action for MMS.
[2024-06-03T22:07:17.040Z] Holding NVDA. No action taken.
[2024-06-03T22:07:20.499Z] No action for SHIP.
[2024-06-03T22:07:26.327Z] No action for SCBFF.
[2024-06-03T22:07:29.727Z] No action for TYL.
[2024-06-03T22:07:43.303Z] No action for SPNS.
[2024-06-03T22:07:46.594Z] No action for CIM.
[2024-06-03T22:07:49.807Z] No action for DY.
[2024-06-03T22:07:55.479Z] No action for BMA.
[2024-06-03T22:08:01.009Z] No action for PRMW.
[2024-06-03T22:08:06.858Z] No action for RBA.
[2024-06-03T22:08:13.024Z] No action for LPG.
[2024-06-03T22:08:18.606Z] No action for HUYA.
[2024-06-03T22:08:22.225Z] No action for OC.
[2024-06-03T22:08:27.671Z] No action for TOELY.
[2024-06-03T22:08:31.153Z] Holding CHWY. No action taken.
[2024-06-03T22:08:34.490Z] No action for DBX.
[2024-06-03T22:08:50.990Z] No action for KBCSY.
[2024-06-03T22:08:56.582Z] No action for BEKE.
[2024-06-03T22:09:00.118Z] No action for KD.
[2024-06-03T22:09:05.540Z] No action for IAG.
[2024-06-03T22:09:12.587Z] No action for SCCO.
[2024-06-03T22:09:24.299Z] No action for NEWT.
[2024-06-03T22:09:35.916Z] No action for GS.
[2024-06-03T22:09:39.040Z] No action for IPW.
[2024-06-03T22:09:44.503Z] No action for HL.
[2024-06-03T22:09:54.049Z] No action for PED.
[2024-06-03T22:10:00.164Z] No action for ACIC.
[2024-06-03T22:10:20.248Z] No action for ANET.
[2024-06-03T22:10:26.979Z] No action for BLBD.
[2024-06-03T22:10:36.369Z] No action for HMY.
[2024-06-03T22:10:42.099Z] No action for ITRI.
[2024-06-03T22:10:47.436Z] No action for SLVM.
[2024-06-03T22:10:54.260Z] No action for APP.
[2024-06-03T22:10:57.596Z] Bought 1 shares of ASM at 1.07 each.
[2024-06-03T22:11:01.482Z] No action for DDOG.
[2024-06-03T22:11:08.013Z] No action for EPC.
[2024-06-03T22:11:11.330Z] No action for GLDD.
[2024-06-03T22:11:14.488Z] No action for HY.
[2024-06-03T22:11:17.542Z] No action for OGN.
[2024-06-03T22:11:23.573Z] No action for PMT.
[2024-06-03T22:11:28.813Z] No action for SN.
[2024-06-03T22:11:34.771Z] No action for TRTX.
[2024-06-03T22:11:37.953Z] No action for TPC.
[2024-06-03T22:11:52.915Z] No action for SFM.
[2024-06-03T22:19:04.657Z] No action for TSM.
[2024-06-03T22:19:08.166Z] No action for ARM.
[2024-06-03T22:19:11.498Z] No action for TSLA.
[2024-06-03T22:19:15.217Z] No action for AAPL.
[2024-06-03T22:19:18.946Z] Bought 8 shares of NVDA at 1150 each.
[2024-06-03T22:19:22.621Z] Bought 237 shares of MGM at 40.12 each.
[2024-06-03T22:19:25.783Z] No action for GPS.
[2024-06-03T22:19:28.823Z] No action for AMZN.
[2024-06-03T22:20:42.528Z] No action for TSM.
[2024-06-03T22:20:45.117Z] No action for ARM.
[2024-06-03T22:20:47.804Z] No action for TSLA.
[2024-06-03T22:20:50.524Z] No action for AAPL.
[2024-06-03T22:20:53.099Z] Bought 8 shares of NVDA at 1150 each.
[2024-06-03T22:20:55.821Z] Bought 237 shares of MGM at 40.12 each.
[2024-06-03T22:20:58.558Z] No action for GPS.
[2024-06-03T22:21:01.197Z] No action for AMZN.
[2024-06-03T22:21:03.911Z] No action for RIVN.
[2024-06-03T22:21:07.010Z] No action for F.
[2024-06-03T22:22:01.949Z] No action for TSM.
[2024-06-03T22:22:04.673Z] No action for ARM.
[2024-06-03T22:22:07.058Z] No action for TSLA.
[2024-06-03T22:22:09.555Z] No action for AAPL.
[2024-06-03T22:22:11.898Z] Bought 8 shares of NVDA at 1150 each.
[2024-06-03T22:22:14.521Z] Bought 237 shares of MGM at 40.12 each.
[2024-06-03T22:22:16.893Z] No action for GPS.
[2024-06-03T22:22:19.077Z] No action for AMZN.
[2024-06-03T22:22:21.948Z] No action for RIVN.
[2024-06-03T22:22:24.163Z] No action for F.
[2024-06-03T22:22:26.458Z] No action for MSFT.
[2024-06-03T22:22:28.878Z] No action for META.
[2024-06-03T22:22:31.205Z] No action for GOOG.
[2024-06-03T22:22:33.475Z] No action for FLNC.
[2024-06-03T22:22:35.746Z] No action for LLY.
[2024-06-03T22:22:37.965Z] No action for JPM.
[2024-06-03T22:22:40.139Z] No action for PG.
[2024-06-03T22:22:42.310Z] No action for AMD.
[2024-06-03T22:42:11.374Z] No action for TSM.
[2024-06-03T22:42:13.846Z] No action for ARM.
[2024-06-03T22:42:16.431Z] No action for TSLA.
[2024-06-03T22:42:19.159Z] No action for AAPL.
[2024-06-03T22:42:21.353Z] Bought 8 shares of NVDA at 1150 each.
[2024-06-03T22:42:23.424Z] Bought 237 shares of MGM at 40.12 each.
[2024-06-03T22:42:25.591Z] No action for GPS.
[2024-06-03T22:42:27.761Z] No action for AMZN.
[2024-06-03T22:42:29.827Z] No action for RIVN.
[2024-06-03T22:42:32.518Z] No action for F.
[2024-06-03T22:42:34.680Z] No action for MSFT.
[2024-06-03T22:42:36.823Z] No action for META.
[2024-06-03T22:42:39.088Z] No action for GOOG.
[2024-06-03T22:42:42.304Z] No action for FLNC.
[2024-06-03T22:42:45.507Z] No action for LLY.
[2024-06-03T22:42:47.706Z] No action for JPM.
[2024-06-03T22:42:49.877Z] No action for PG.
[2024-06-03T22:42:52.184Z] No action for AMD.
[2024-06-03T22:42:54.388Z] No action for PYPL.
[2024-06-03T22:42:56.515Z] No action for EXC.
[2024-06-03T22:48:06.329Z] No action for TSM.
[2024-06-03T22:48:08.429Z] No action for ARM.
[2024-06-03T22:48:10.616Z] No action for TSLA.
[2024-06-03T22:48:12.876Z] No action for AAPL.
[2024-06-03T22:48:15.718Z] Bought 8 shares of NVDA at 1150 each.
[2024-06-03T22:48:18.423Z] Bought 237 shares of MGM at 40.12 each.
[2024-06-03T22:48:20.726Z] No action for GPS.
[2024-06-03T22:48:22.928Z] No action for AMZN.
[2024-06-03T22:48:25.062Z] No action for RIVN.
[2024-06-03T22:48:27.604Z] No action for F.
[2024-06-03T22:48:30.231Z] No action for MSFT.
[2024-06-03T22:48:32.430Z] No action for META.
[2024-06-03T22:48:34.616Z] No action for GOOG.
[2024-06-03T22:48:36.672Z] No action for FLNC.
[2024-06-03T22:48:39.249Z] No action for LLY.
[2024-06-03T22:48:41.386Z] No action for JPM.
[2024-06-03T22:48:43.791Z] No action for PG.
[2024-06-03T22:48:46.304Z] No action for AMD.
[2024-06-03T22:48:48.742Z] No action for PYPL.
[2024-06-03T22:48:51.546Z] No action for EXC.
[2024-06-03T22:48:53.931Z] Bought 67 shares of EA at 133.39 each.
[2024-06-03T22:48:55.991Z] No action for BIIB.
[2024-06-03T22:50:56.793Z] No action for TSM.
[2024-06-03T22:50:59.212Z] No action for ARM.
[2024-06-03T22:51:01.390Z] No action for TSLA.
[2024-06-03T22:51:03.455Z] No action for AAPL.
[2024-06-03T22:51:06.019Z] Bought 8 shares of NVDA at 1150 each.
[2024-06-03T22:51:08.127Z] Bought 237 shares of MGM at 40.12 each.
[2024-06-03T22:51:10.233Z] No action for GPS.
[2024-06-03T22:51:12.861Z] No action for AMZN.
[2024-06-03T22:51:14.921Z] No action for RIVN.
[2024-06-03T22:51:17.157Z] No action for F.
[2024-06-03T22:51:19.412Z] No action for MSFT.
[2024-06-03T22:51:21.671Z] No action for META.
[2024-06-03T22:51:23.879Z] No action for GOOG.
[2024-06-03T22:51:26.116Z] No action for FLNC.
[2024-06-03T22:51:28.695Z] No action for LLY.
[2024-06-03T22:51:30.913Z] No action for JPM.
[2024-06-03T22:51:33.548Z] No action for PG.
[2024-06-03T22:51:35.796Z] No action for AMD.
[2024-06-03T22:51:38.022Z] No action for PYPL.
[2024-06-03T22:51:40.393Z] No action for EXC.
[2024-06-03T22:51:42.454Z] Bought 67 shares of EA at 133.39 each.
[2024-06-03T22:51:44.702Z] No action for BIIB.
[2024-06-03T22:51:46.744Z] No action for JD.
[2024-06-03T22:51:48.849Z] No action for HPQ.
[2024-06-03T22:51:50.964Z] Bought 57 shares of RCL at 150.3 each.
[2024-06-03T22:51:53.044Z] No action for ARM.
[2024-06-03T22:53:42.045Z] No action for TSM.
[2024-06-03T22:53:44.663Z] No action for ARM.
[2024-06-03T22:53:47.518Z] No action for TSLA.
[2024-06-03T22:53:49.725Z] No action for AAPL.
[2024-06-03T22:53:52.071Z] Bought 8 shares of NVDA at 1150 each.
[2024-06-03T22:53:54.267Z] Bought 237 shares of MGM at 40.12 each.
[2024-06-03T22:53:56.600Z] No action for GPS.
[2024-06-03T22:53:59.025Z] No action for AMZN.
[2024-06-03T22:54:01.619Z] No action for RIVN.
[2024-06-03T22:54:04.333Z] No action for F.
[2024-06-03T22:54:06.875Z] No action for MSFT.
[2024-06-03T22:54:09.355Z] No action for META.
[2024-06-03T22:54:12.610Z] No action for GOOG.
[2024-06-03T22:54:14.977Z] No action for FLNC.
[2024-06-03T22:54:18.070Z] No action for LLY.
[2024-06-03T22:54:20.995Z] No action for JPM.
[2024-06-03T22:54:24.139Z] No action for PG.
[2024-06-03T22:54:27.218Z] No action for AMD.
[2024-06-03T22:54:29.786Z] No action for PYPL.
[2024-06-03T22:54:32.919Z] No action for EXC.
[2024-06-03T22:54:35.681Z] Bought 67 shares of EA at 133.39 each.
[2024-06-03T22:54:37.962Z] No action for BIIB.
[2024-06-03T22:54:40.936Z] No action for JD.
[2024-06-03T22:54:43.446Z] No action for HPQ.
[2024-06-03T22:54:45.802Z] Bought 57 shares of RCL at 150.3 each.
[2024-06-03T22:54:48.026Z] No action for ARM.
[2024-06-03T22:54:50.575Z] Bought 47 shares of ANF at 172.87 each.
[2024-06-03T22:54:52.893Z] Bought 352 shares of CHWY at 22.08 each.
[2024-06-03T22:54:55.253Z] No action for JNJ.
[2024-06-03T22:54:57.602Z] No action for PFE.
[2024-06-03T22:54:59.954Z] No action for MRK.
[2024-06-03T22:55:02.273Z] No action for UNH.
[2024-06-03T22:55:04.950Z] No action for ABBV.
[2024-06-03T22:55:07.380Z] No action for BAC.
[2024-06-03T22:55:09.912Z] No action for GS.
[2024-06-03T22:55:12.588Z] No action for C.
[2024-06-03T22:55:14.858Z] No action for WFC.
[2024-06-03T22:55:17.081Z] No action for KO.
[2024-06-03T22:55:19.490Z] No action for PEP.
[2024-06-03T22:55:21.915Z] No action for UL.
[2024-06-03T22:55:24.291Z] No action for CL.
[2024-06-03T22:55:26.536Z] No action for GE.
[2024-06-03T22:55:29.373Z] No action for BA.
[2024-06-03T22:55:31.704Z] No action for CAT.
[2024-06-03T22:55:34.011Z] No action for MMM.
[2024-06-03T22:55:36.245Z] No action for HON.
[2024-06-03T22:55:38.469Z] No action for XOM.
[2024-06-03T22:55:40.759Z] No action for CVX.
[2024-06-03T22:55:43.483Z] No action for COP.
[2024-06-03T22:55:45.825Z] No action for SLB.
[2024-06-03T22:55:48.235Z] No action for HAL.
[2024-06-03T22:55:50.880Z] No action for NEE.
[2024-06-03T22:55:53.105Z] No action for DUK.
[2024-06-03T22:55:55.529Z] No action for D.
[2024-06-03T22:55:57.908Z] No action for SO.
[2024-06-03T22:59:10.541Z] No action for TSM.
[2024-06-03T22:59:12.851Z] No action for ARM.
[2024-06-03T22:59:15.272Z] No action for TSLA.
[2024-06-03T22:59:17.549Z] No action for AAPL.
[2024-06-03T22:59:19.651Z] Bought 8 shares of NVDA at 1150 each.
[2024-06-03T22:59:22.041Z] Bought 237 shares of MGM at 40.12 each.
[2024-06-03T22:59:24.465Z] No action for GPS.
[2024-06-03T22:59:27.191Z] No action for AMZN.
[2024-06-03T22:59:29.612Z] No action for RIVN.
[2024-06-03T22:59:32.415Z] No action for F.
[2024-06-03T22:59:34.701Z] No action for MSFT.
[2024-06-03T22:59:36.919Z] No action for META.
[2024-06-03T22:59:39.240Z] No action for GOOG.
[2024-06-03T22:59:41.861Z] No action for FLNC.
[2024-06-03T22:59:44.248Z] No action for LLY.
[2024-06-03T22:59:46.398Z] No action for JPM.
[2024-06-03T22:59:48.886Z] No action for PG.
[2024-06-03T22:59:51.342Z] No action for AMD.
[2024-06-03T22:59:53.403Z] No action for PYPL.
[2024-06-03T22:59:55.899Z] No action for EXC.
[2024-06-03T22:59:58.141Z] Bought 67 shares of EA at 133.39 each.
[2024-06-03T23:00:00.507Z] No action for BIIB.
[2024-06-03T23:00:03.152Z] No action for JD.
[2024-06-03T23:00:09.384Z] No action for HPQ.
[2024-06-03T23:00:12.216Z] Bought 57 shares of RCL at 150.3 each.
[2024-06-03T23:00:14.529Z] No action for ARM.
[2024-06-03T23:00:16.987Z] Bought 47 shares of ANF at 172.87 each.
[2024-06-03T23:00:19.593Z] Bought 352 shares of CHWY at 22.08 each.
[2024-06-03T23:00:22.540Z] No action for JNJ.
[2024-06-03T23:00:26.832Z] No action for PFE.
[2024-06-03T23:00:29.641Z] No action for MRK.
[2024-06-03T23:00:32.544Z] No action for UNH.
[2024-06-03T23:00:35.479Z] No action for ABBV.
[2024-06-03T23:00:38.099Z] No action for BAC.
[2024-06-03T23:00:40.809Z] No action for GS.
[2024-06-03T23:00:43.150Z] No action for C.
[2024-06-03T23:00:45.423Z] No action for WFC.
[2024-06-03T23:00:47.967Z] No action for KO.
[2024-06-03T23:00:50.228Z] No action for PEP.
[2024-06-03T23:00:52.551Z] No action for UL.
[2024-06-03T23:00:54.840Z] No action for CL.
[2024-06-03T23:00:57.035Z] No action for GE.
[2024-06-03T23:00:59.402Z] No action for BA.
[2024-06-03T23:01:01.680Z] No action for CAT.
[2024-06-03T23:01:05.129Z] No action for MMM.
[2024-06-03T23:01:07.378Z] No action for HON.
[2024-06-03T23:01:10.039Z] No action for XOM.
[2024-06-03T23:01:12.450Z] No action for CVX.
[2024-06-03T23:01:14.737Z] No action for COP.
[2024-06-03T23:01:17.325Z] No action for SLB.
[2024-06-03T23:01:19.611Z] No action for HAL.
[2024-06-03T23:01:21.941Z] No action for NEE.
[2024-06-03T23:01:25.073Z] No action for DUK.
[2024-06-03T23:01:27.282Z] No action for D.
[2024-06-03T23:01:29.447Z] No action for SO.
[2024-06-03T23:01:32.344Z] No action for AEP.
[2024-06-03T23:01:34.595Z] No action for VZ.
[2024-06-03T23:01:37.363Z] No action for T.
[2024-06-03T23:01:39.606Z] No action for TMUS.
[2024-06-03T23:01:41.913Z] No action for CMCSA.
[2024-06-03T23:01:44.374Z] No action for CHTR.
[2024-06-03T23:01:46.958Z] No action for DIS.
[2024-06-03T23:01:49.267Z] No action for MCD.
[2024-06-03T23:01:51.841Z] No action for SBUX.
[2024-06-03T23:01:54.168Z] Bought 11 shares of NFLX at 633.79 each.
[2024-06-03T23:01:58.622Z] No action for OSCR.
[2024-06-03T23:02:03.288Z] No action for VMEO.
[2024-06-03T23:02:05.734Z] No action for PLTR.
[2024-06-03T23:02:08.214Z] No action for WWW.
[2024-06-03T23:02:13.261Z] No action for BRFS.
[2024-06-03T23:02:15.735Z] No action for DFIN.
[2024-06-03T23:02:20.486Z] No action for GTN.
[2024-06-03T23:02:23.058Z] No action for HIMS.
[2024-06-03T23:02:27.548Z] No action for MMYT.
[2024-06-03T23:02:31.943Z] Bought 71 shares of ML at 98.5 each.
[2024-06-03T23:02:34.446Z] No action for PCTY.
[2024-06-03T23:02:39.667Z] No action for RGA.
[2024-06-03T23:02:43.942Z] No action for SSTK.
[2024-06-03T23:02:48.523Z] No action for JYNT.
[2024-06-03T23:02:50.979Z] Bought 123 shares of WRK at 54.03 each.
[2024-06-03T23:02:53.103Z] No action for WWD.
[2024-06-03T23:02:55.436Z] No action for AROC.
[2024-06-03T23:02:59.933Z] No action for CRS.
[2024-06-03T23:03:04.808Z] Bought 719 shares of NVRI at 8.85 each.
[2024-06-03T23:03:09.504Z] No action for GVA.
[2024-06-03T23:03:12.026Z] No action for HAS.
[2024-06-03T23:03:14.466Z] No action for LDOS.
[2024-06-03T23:03:16.746Z] No action for NWPX.
[2024-06-03T23:03:19.120Z] No action for OSPN.
[2024-06-03T23:03:21.601Z] No action for AGS.
[2024-06-03T23:03:26.451Z] No action for SPXC.
[2024-06-03T23:03:29.215Z] No action for VMI.
[2024-06-03T23:03:31.803Z] Bought 169 shares of AXTA at 35.59 each.
[2024-06-03T23:03:34.530Z] No action for GRMN.
[2024-06-03T23:03:37.020Z] Bought 2697 shares of NGD at 2.1301 each.
[2024-06-03T23:03:39.943Z] No action for CVLT.
[2024-06-03T23:03:44.315Z] No action for VTMX.
[2024-06-03T23:03:47.965Z] No action for MS.
[2024-06-03T23:03:50.463Z] No action for POWL.
[2024-06-03T23:03:55.183Z] No action for TMHC.
[2024-06-03T23:03:57.558Z] No action for WING.
[2024-06-03T23:04:00.488Z] No action for ZBRA.
[2024-06-03T23:04:03.239Z] No action for AEM.
[2024-06-03T23:04:08.053Z] No action for MBIN.
[2024-06-03T23:04:10.627Z] Bought 64 shares of MTX at 85.07 each.
[2024-06-03T23:04:15.208Z] No action for AMKR.
[2024-06-03T23:04:20.046Z] Bought 83 shares of HNI at 44.35 each.
[2024-06-03T23:04:23.009Z] No action for KALU.
[2024-06-03T23:04:25.517Z] No action for SKX.
[2024-06-03T23:04:28.211Z] No action for UMBF.
[2024-06-03T23:04:31.144Z] No action for CSL.
[2024-06-03T23:04:33.992Z] No action for NTNX.
[2024-06-03T23:04:36.510Z] No action for OSK.
[2024-06-03T23:04:39.256Z] No action for PUBM.
[2024-06-03T23:04:43.515Z] No action for SKYW.
[2024-06-03T23:04:48.428Z] No action for TPH.
[2024-06-03T23:04:51.117Z] No action for SPOT.
[2024-06-03T23:04:53.616Z] No action for WAB.
[2024-06-03T23:04:58.504Z] No action for ERO.
[2024-06-03T23:05:01.310Z] No action for PHM.
[2024-06-03T23:05:07.924Z] Bought 1 shares of ASIX at 24.09 each.
[2024-06-03T23:05:12.383Z] No action for LPX.
[2024-06-03T23:05:16.829Z] No action for BMI.
[2024-06-03T23:05:21.928Z] No action for GFI.
[2024-06-03T23:05:27.198Z] No action for FBK.
[2024-06-03T23:05:37.408Z] No action for SUZ.
[2024-06-03T23:05:51.932Z] No action for NTRS.
[2024-06-03T23:05:57.257Z] No action for GRPN.
[2024-06-03T23:05:59.650Z] No action for BB.
[2024-06-03T23:06:05.167Z] No action for GCT.
[2024-06-03T23:06:09.955Z] No action for CIFR.
[2024-06-03T23:06:14.461Z] No action for FIX.
[2024-06-03T23:06:18.981Z] No action for HCI.
[2024-06-03T23:06:21.694Z] No action for EME.
[2024-06-03T23:06:29.281Z] No action for BKNG.
[2024-06-03T23:06:34.415Z] No action for BSIG.
[2024-06-03T23:06:46.155Z] No action for IVR.
[2024-06-03T23:06:51.243Z] No action for ITOCY.
[2024-06-03T23:06:53.768Z] No action for JHG.
[2024-06-03T23:06:56.396Z] No action for LMAT.
[2024-06-03T23:06:58.768Z] No action for M.
[2024-06-03T23:07:01.668Z] No action for MLM.
[2024-06-03T23:07:06.472Z] No action for NTIC.
[2024-06-03T23:07:13.100Z] No action for PDD.
[2024-06-03T23:07:15.461Z] No action for RSVR.
[2024-06-03T23:07:19.601Z] No action for SM.
[2024-06-03T23:07:24.056Z] No action for SGRP.
[2024-06-03T23:07:28.548Z] No action for ODP.
[2024-06-03T23:07:31.297Z] No action for WU.
[2024-06-03T23:07:35.956Z] No action for UPLD.
[2024-06-03T23:07:42.907Z] No action for APTV.
[2024-06-03T23:07:45.317Z] No action for EAT.
[2024-06-03T23:07:49.892Z] No action for CPA.
[2024-06-03T23:07:57.512Z] Bought 1 shares of PBI at 5.42 each.
[2024-06-03T23:08:02.284Z] No action for UNCRY.
[2024-06-03T23:08:09.674Z] Holding ANF. No action taken.
[2024-06-03T23:08:20.201Z] No action for COOP.
[2024-06-03T23:08:25.297Z] No action for MMS.
[2024-06-03T23:08:28.086Z] No action for SHIP.
[2024-06-03T23:08:33.213Z] No action for SCBFF.
[2024-06-03T23:08:36.420Z] No action for TYL.
[2024-06-03T23:08:48.987Z] No action for SPNS.
[2024-06-03T23:08:52.087Z] No action for CIM.
[2024-06-03T23:08:54.514Z] No action for DY.
[2024-06-03T23:08:59.061Z] No action for BMA.
[2024-06-03T23:09:03.274Z] No action for PRMW.
[2024-06-03T23:09:07.808Z] No action for RBA.
[2024-06-03T23:09:12.402Z] No action for LPG.
[2024-06-03T23:09:17.058Z] No action for HUYA.
[2024-06-03T23:09:19.150Z] No action for OC.
[2024-06-03T23:09:23.953Z] No action for TOELY.
[2024-06-03T23:09:26.428Z] Holding CHWY. No action taken.
[2024-06-03T23:09:28.808Z] No action for DBX.
[2024-06-03T23:09:42.709Z] No action for KBCSY.
[2024-06-03T23:09:47.507Z] No action for BEKE.
[2024-06-03T23:09:49.734Z] No action for KD.
[2024-06-03T23:09:54.525Z] No action for IAG.
[2024-06-03T23:09:59.041Z] No action for SCCO.
[2024-06-03T23:10:09.888Z] No action for NEWT.
[2024-06-03T23:10:20.105Z] No action for GS.
[2024-06-03T23:10:22.635Z] No action for IPW.
[2024-06-03T23:10:27.212Z] No action for HL.
[2024-06-03T23:10:34.942Z] No action for PED.
[2024-06-03T23:10:39.876Z] No action for ACIC.
[2024-06-03T23:10:54.033Z] No action for ANET.
[2024-06-03T23:10:58.663Z] No action for BLBD.
[2024-06-03T23:11:05.653Z] No action for HMY.
[2024-06-03T23:11:10.244Z] No action for ITRI.
[2024-06-03T23:11:15.332Z] No action for SLVM.
[2024-06-03T23:11:19.848Z] No action for APP.
[2024-06-03T23:11:22.164Z] Bought 1 shares of ASM at 1.07 each.
[2024-06-03T23:11:24.418Z] No action for DDOG.
[2024-06-03T23:11:28.923Z] No action for EPC.
[2024-06-03T23:11:31.752Z] No action for GLDD.
[2024-06-03T23:11:34.425Z] No action for HY.
[2024-06-03T23:11:37.098Z] No action for OGN.
[2024-06-03T23:11:41.419Z] No action for PMT.
[2024-06-03T23:11:45.815Z] No action for SN.
[2024-06-03T23:11:50.462Z] No action for TRTX.
[2024-06-03T23:11:52.654Z] No action for TPC.
[2024-06-03T23:12:04.480Z] No action for SFM.
[2024-06-03T23:31:25.847Z] No action for TSM.
[2024-06-03T23:31:28.202Z] No action for ARM.
[2024-06-03T23:31:31.280Z] No action for TSLA.
[2024-06-03T23:31:33.667Z] No action for AAPL.
[2024-06-03T23:31:36.219Z] Bought 4 shares of NVDA at 1150 each.
[2024-06-03T23:31:38.402Z] Bought 124 shares of MGM at 40.12 each.
[2024-06-03T23:31:40.933Z] No action for GPS.
[2024-06-03T23:31:43.264Z] No action for AMZN.
[2024-06-03T23:31:45.586Z] No action for RIVN.
[2024-06-03T23:31:48.117Z] No action for F.
[2024-06-03T23:31:50.669Z] No action for MSFT.
[2024-06-03T23:31:53.070Z] No action for META.
[2024-06-03T23:31:55.424Z] No action for GOOG.
[2024-06-03T23:31:57.819Z] No action for FLNC.
[2024-06-03T23:32:00.199Z] No action for LLY.
[2024-06-03T23:32:02.984Z] No action for JPM.
[2024-06-03T23:32:05.630Z] No action for PG.
[2024-06-03T23:32:08.518Z] No action for AMD.
[2024-06-03T23:32:11.333Z] No action for PYPL.
[2024-06-03T23:32:14.460Z] No action for EXC.
[2024-06-03T23:32:17.289Z] Bought 37 shares of EA at 133.39 each.
[2024-06-03T23:32:20.422Z] No action for BIIB.
[2024-06-03T23:32:22.801Z] No action for JD.
[2024-06-03T23:32:25.199Z] No action for HPQ.
[2024-06-03T23:32:28.340Z] Bought 33 shares of RCL at 150.3 each.
[2024-06-03T23:32:31.404Z] No action for ARM.
[2024-06-03T23:32:33.856Z] Bought 28 shares of ANF at 172.87 each.
[2024-06-03T23:32:36.610Z] Bought 226 shares of CHWY at 22.08 each.
[2024-06-03T23:32:39.543Z] No action for JNJ.
[2024-06-03T23:32:42.103Z] No action for PFE.
[2024-06-03T23:32:44.554Z] No action for MRK.
[2024-06-03T23:32:46.958Z] No action for UNH.
[2024-06-03T23:32:49.140Z] No action for ABBV.
[2024-06-03T23:32:52.147Z] No action for BAC.
[2024-06-03T23:32:54.549Z] No action for GS.
[2024-06-03T23:32:56.904Z] No action for C.
[2024-06-03T23:33:00.735Z] No action for WFC.
[2024-06-03T23:33:03.588Z] No action for KO.
[2024-06-03T23:33:06.673Z] No action for PEP.
[2024-06-03T23:33:09.519Z] No action for UL.
[2024-06-03T23:33:12.263Z] No action for CL.
[2024-06-03T23:33:14.578Z] No action for GE.
[2024-06-03T23:33:16.909Z] No action for BA.
[2024-06-03T23:33:19.272Z] No action for CAT.
[2024-06-03T23:33:21.546Z] No action for MMM.
[2024-06-03T23:33:23.737Z] No action for HON.
[2024-06-03T23:33:26.269Z] No action for XOM.
[2024-06-03T23:33:28.566Z] No action for CVX.
[2024-06-03T23:33:31.266Z] No action for COP.
[2024-06-03T23:33:33.655Z] No action for SLB.
[2024-06-03T23:33:35.990Z] No action for HAL.
[2024-06-03T23:33:38.431Z] No action for NEE.
[2024-06-03T23:33:41.035Z] No action for DUK.
[2024-06-03T23:33:43.298Z] No action for D.
[2024-06-03T23:33:45.450Z] No action for SO.
[2024-06-03T23:33:47.892Z] No action for AEP.
[2024-06-03T23:33:50.517Z] No action for VZ.
[2024-06-03T23:33:52.831Z] No action for T.
[2024-06-03T23:33:55.088Z] No action for TMUS.
[2024-06-03T23:33:57.564Z] No action for CMCSA.
[2024-06-03T23:34:00.661Z] No action for CHTR.
[2024-06-03T23:34:03.146Z] No action for DIS.
[2024-06-03T23:34:05.654Z] No action for MCD.
[2024-06-03T23:34:08.231Z] No action for SBUX.
[2024-06-03T23:34:10.720Z] Bought 7 shares of NFLX at 633.79 each.
[2024-06-03T23:34:15.667Z] No action for OSCR.
[2024-06-03T23:34:20.920Z] No action for VMEO.
[2024-06-03T23:34:23.714Z] No action for PLTR.
[2024-06-03T23:34:26.507Z] No action for WWW.
[2024-06-03T23:34:31.491Z] No action for BRFS.
[2024-06-03T23:34:34.462Z] No action for DFIN.
[2024-06-03T23:34:39.283Z] No action for GTN.
[2024-06-03T23:34:42.160Z] No action for HIMS.
[2024-06-03T23:34:46.812Z] No action for MMYT.
[2024-06-03T23:34:51.655Z] Bought 50 shares of ML at 98.5 each.
[2024-06-03T23:34:54.078Z] No action for PCTY.
[2024-06-03T23:34:58.543Z] No action for RGA.
[2024-06-03T23:35:02.970Z] No action for SSTK.
[2024-06-03T23:35:08.026Z] No action for JYNT.
[2024-06-03T23:35:10.591Z] Bought 92 shares of WRK at 54.03 each.
[2024-06-03T23:35:13.021Z] No action for WWD.
[2024-06-03T23:35:15.896Z] No action for AROC.
[2024-06-03T23:35:20.505Z] No action for CRS.
[2024-06-03T23:35:24.718Z] Bought 564 shares of NVRI at 8.85 each.
[2024-06-03T23:35:29.285Z] No action for GVA.
[2024-06-03T23:35:33.607Z] No action for HAS.
[2024-06-03T23:35:36.276Z] No action for LDOS.
[2024-06-03T23:35:42.148Z] No action for NWPX.
[2024-06-03T23:35:44.546Z] No action for OSPN.
[2024-06-03T23:35:47.188Z] No action for AGS.
[2024-06-03T23:35:52.317Z] No action for SPXC.
[2024-06-03T23:35:58.387Z] No action for VMI.
[2024-06-03T23:36:00.853Z] Bought 140 shares of AXTA at 35.59 each.
[2024-06-03T23:36:03.647Z] No action for GRMN.
[2024-06-03T23:36:06.541Z] Bought 2347 shares of NGD at 2.1301 each.
[2024-06-03T23:36:09.442Z] No action for CVLT.
[2024-06-03T23:36:13.931Z] No action for VTMX.
[2024-06-03T23:36:16.659Z] No action for MS.
[2024-06-03T23:36:19.377Z] No action for POWL.
[2024-06-03T23:36:23.920Z] No action for TMHC.
[2024-06-03T23:36:26.626Z] No action for WING.
[2024-06-03T23:36:29.102Z] No action for ZBRA.
[2024-06-03T23:36:31.883Z] No action for AEM.
[2024-06-03T23:36:37.018Z] No action for MBIN.
[2024-06-03T23:36:39.541Z] Bought 58 shares of MTX at 85.07 each.
[2024-06-03T23:36:44.493Z] No action for AMKR.
[2024-06-03T23:36:49.683Z] Bought 112 shares of HNI at 44.35 each.
[2024-06-03T23:36:52.249Z] No action for KALU.
[2024-06-03T23:36:54.665Z] No action for SKX.
[2024-06-03T23:36:56.955Z] No action for UMBF.
[2024-06-03T23:36:59.689Z] No action for CSL.
[2024-06-03T23:37:02.466Z] No action for NTNX.
[2024-06-03T23:37:04.973Z] No action for OSK.
[2024-06-03T23:37:07.328Z] No action for PUBM.
[2024-06-03T23:37:11.675Z] No action for SKYW.
[2024-06-03T23:37:16.549Z] No action for TPH.
[2024-06-03T23:37:19.088Z] No action for SPOT.
[2024-06-03T23:37:21.427Z] No action for WAB.
[2024-06-03T23:37:26.015Z] No action for ERO.
[2024-06-03T23:37:28.606Z] No action for PHM.
[2024-06-03T23:37:30.762Z] Bought 60 shares of AZZ at 82.5 each.
[2024-06-03T23:37:35.647Z] Bought 207 shares of ASIX at 24.09 each.
[2024-06-03T23:37:39.677Z] No action for LPX.
[2024-06-03T23:37:41.967Z] Bought 206 shares of AU at 24.23 each.
[2024-06-03T23:37:44.192Z] No action for BMI.
[2024-06-03T23:37:50.114Z] No action for GFI.
[2024-06-03T23:37:54.497Z] No action for FBK.
[2024-06-03T23:37:58.482Z] Bought 263 shares of LAKE at 18.94 each.
[2024-06-03T23:38:04.028Z] No action for SUZ.
[2024-06-03T23:38:06.890Z] Bought 289 shares of HG at 17.25 each.
[2024-06-03T23:38:09.881Z] Bought 115 shares of DBD at 43.45 each.
[2024-06-03T23:38:14.398Z] Bought 86 shares of JAKK at 18.57 each.
[2024-06-03T23:38:20.499Z] No action for NTRS.
[2024-06-03T23:38:26.973Z] No action for GRPN.
[2024-06-03T23:38:29.532Z] No action for BB.
[2024-06-03T23:38:35.183Z] No action for GCT.
[2024-06-03T23:38:40.237Z] No action for CIFR.
[2024-06-03T23:38:45.303Z] No action for FIX.
[2024-06-03T23:40:21.943Z] No action for TSM.
[2024-06-03T23:40:24.083Z] No action for ARM.
[2024-06-03T23:40:26.233Z] No action for TSLA.
[2024-06-03T23:40:28.346Z] No action for AAPL.
[2024-06-03T23:40:31.962Z] Bought 4 shares of NVDA at 1150 each.
[2024-06-03T23:40:34.153Z] Bought 124 shares of MGM at 40.12 each.
[2024-06-03T23:40:36.921Z] No action for GPS.
[2024-06-03T23:40:39.109Z] No action for AMZN.
[2024-06-03T23:40:41.537Z] No action for RIVN.
[2024-06-03T23:40:43.882Z] No action for F.
[2024-06-03T23:40:46.478Z] No action for MSFT.
[2024-06-03T23:40:48.877Z] No action for META.
[2024-06-03T23:40:51.349Z] No action for GOOG.
[2024-06-03T23:40:54.262Z] No action for FLNC.
[2024-06-03T23:40:56.621Z] No action for LLY.
[2024-06-03T23:40:58.856Z] No action for JPM.
[2024-06-03T23:41:01.481Z] No action for PG.
[2024-06-03T23:41:03.696Z] No action for AMD.
[2024-06-03T23:41:06.003Z] No action for PYPL.
[2024-06-03T23:41:08.402Z] No action for EXC.
[2024-06-03T23:41:10.835Z] Bought 37 shares of EA at 133.39 each.
[2024-06-03T23:41:13.162Z] No action for BIIB.
[2024-06-03T23:41:15.659Z] No action for JD.
[2024-06-03T23:41:18.003Z] No action for HPQ.
[2024-06-03T23:41:20.151Z] Bought 33 shares of RCL at 150.3 each.
[2024-06-03T23:41:24.308Z] No action for ARM.
[2024-06-03T23:41:26.864Z] Bought 28 shares of ANF at 172.87 each.
[2024-06-03T23:41:29.520Z] Bought 226 shares of CHWY at 22.08 each.
[2024-06-03T23:41:31.945Z] No action for JNJ.
[2024-06-03T23:41:34.317Z] No action for PFE.
[2024-06-03T23:41:36.530Z] No action for MRK.
[2024-06-03T23:41:39.019Z] No action for UNH.
[2024-06-03T23:41:41.340Z] No action for ABBV.
[2024-06-03T23:41:43.988Z] No action for BAC.
[2024-06-03T23:41:46.901Z] No action for GS.
[2024-06-03T23:41:49.225Z] No action for C.
[2024-06-03T23:41:51.986Z] No action for WFC.
[2024-06-03T23:41:54.245Z] No action for KO.
[2024-06-03T23:41:56.657Z] No action for PEP.
[2024-06-03T23:41:59.148Z] No action for UL.
[2024-06-03T23:42:01.820Z] No action for CL.
[2024-06-03T23:42:04.349Z] No action for GE.
[2024-06-03T23:42:07.350Z] No action for BA.
[2024-06-03T23:42:09.595Z] No action for CAT.
[2024-06-03T23:42:12.242Z] No action for MMM.
[2024-06-03T23:42:14.747Z] No action for HON.
[2024-06-03T23:42:17.484Z] No action for XOM.
[2024-06-03T23:42:19.892Z] No action for CVX.
[2024-06-03T23:42:22.322Z] No action for COP.
[2024-06-03T23:42:24.900Z] No action for SLB.
[2024-06-03T23:42:27.413Z] No action for HAL.
[2024-06-03T23:42:30.144Z] No action for NEE.
[2024-06-03T23:42:32.561Z] No action for DUK.
[2024-06-03T23:42:35.335Z] No action for D.
[2024-06-03T23:42:38.184Z] No action for SO.
[2024-06-03T23:42:40.838Z] No action for AEP.
[2024-06-03T23:42:43.549Z] No action for VZ.
[2024-06-03T23:42:46.457Z] No action for T.
[2024-06-03T23:42:49.480Z] No action for TMUS.
[2024-06-03T23:42:52.570Z] No action for CMCSA.
[2024-06-03T23:42:54.790Z] No action for CHTR.
[2024-06-03T23:42:57.977Z] No action for DIS.
[2024-06-03T23:43:00.488Z] No action for MCD.
[2024-06-03T23:43:03.277Z] No action for SBUX.
[2024-06-03T23:43:06.496Z] Bought 7 shares of NFLX at 633.79 each.
[2024-06-03T23:43:11.511Z] No action for OSCR.
[2024-06-03T23:43:15.987Z] No action for VMEO.
[2024-06-03T23:43:18.137Z] No action for PLTR.
[2024-06-03T23:43:20.676Z] No action for WWW.
[2024-06-03T23:43:25.197Z] No action for BRFS.
[2024-06-03T23:43:28.003Z] No action for DFIN.
[2024-06-03T23:43:32.176Z] No action for GTN.
[2024-06-03T23:43:34.472Z] No action for HIMS.
[2024-06-03T23:43:39.041Z] No action for MMYT.
[2024-06-03T23:43:43.415Z] Bought 50 shares of ML at 98.5 each.
[2024-06-03T23:43:45.653Z] No action for PCTY.
[2024-06-03T23:43:50.559Z] No action for RGA.
[2024-06-03T23:43:54.738Z] No action for SSTK.
[2024-06-03T23:43:59.263Z] No action for JYNT.
[2024-06-03T23:44:01.841Z] Bought 92 shares of WRK at 54.03 each.
[2024-06-03T23:44:04.366Z] No action for WWD.
[2024-06-03T23:44:06.908Z] No action for AROC.
[2024-06-03T23:44:11.709Z] No action for CRS.
[2024-06-03T23:44:16.537Z] Bought 564 shares of NVRI at 8.85 each.
[2024-06-03T23:44:21.803Z] No action for GVA.
[2024-06-03T23:44:24.363Z] No action for HAS.
[2024-06-03T23:44:27.092Z] No action for LDOS.
[2024-06-03T23:44:29.564Z] No action for NWPX.
[2024-06-03T23:44:32.314Z] No action for OSPN.
[2024-06-03T23:44:35.152Z] No action for AGS.
[2024-06-03T23:44:39.719Z] No action for SPXC.
[2024-06-03T23:44:42.320Z] No action for VMI.
[2024-06-03T23:44:44.946Z] Bought 140 shares of AXTA at 35.59 each.
[2024-06-03T23:44:47.523Z] No action for GRMN.
[2024-06-03T23:44:49.763Z] Bought 2347 shares of NGD at 2.1301 each.
[2024-06-03T23:44:52.155Z] No action for CVLT.
[2024-06-03T23:44:56.308Z] No action for VTMX.
[2024-06-03T23:44:59.199Z] No action for MS.
[2024-06-03T23:45:01.514Z] No action for POWL.
[2024-06-03T23:45:06.122Z] No action for TMHC.
[2024-06-03T23:45:08.415Z] No action for WING.
[2024-06-03T23:45:11.922Z] No action for ZBRA.
[2024-06-03T23:45:14.170Z] No action for AEM.
[2024-06-03T23:45:18.500Z] No action for MBIN.
[2024-06-03T23:45:21.020Z] Bought 58 shares of MTX at 85.07 each.
[2024-06-03T23:45:26.258Z] No action for AMKR.
[2024-06-03T23:46:57.311Z] No action for TSM.
[2024-06-03T23:46:59.635Z] No action for ARM.
[2024-06-03T23:47:01.964Z] No action for TSLA.
[2024-06-03T23:47:04.183Z] No action for AAPL.
[2024-06-03T23:47:06.583Z] Bought 4 shares of NVDA at 1150 each.
[2024-06-03T23:47:09.241Z] Bought 124 shares of MGM at 40.12 each.
[2024-06-03T23:47:11.611Z] No action for GPS.
[2024-06-03T23:47:14.155Z] No action for AMZN.
[2024-06-03T23:47:16.558Z] No action for RIVN.
[2024-06-03T23:47:18.739Z] No action for F.
[2024-06-03T23:47:21.006Z] No action for MSFT.
[2024-06-03T23:47:23.484Z] No action for META.
[2024-06-03T23:47:26.127Z] No action for GOOG.
[2024-06-03T23:47:28.427Z] No action for FLNC.
[2024-06-03T23:47:30.802Z] No action for LLY.
[2024-06-03T23:47:33.315Z] No action for JPM.
[2024-06-03T23:47:35.662Z] No action for PG.
[2024-06-03T23:47:37.994Z] No action for AMD.
[2024-06-03T23:47:40.429Z] No action for PYPL.
[2024-06-03T23:47:42.806Z] No action for EXC.
[2024-06-03T23:47:45.167Z] Bought 37 shares of EA at 133.39 each.
[2024-06-03T23:47:47.731Z] No action for BIIB.
[2024-06-03T23:47:50.190Z] No action for JD.
[2024-06-03T23:47:52.713Z] No action for HPQ.
[2024-06-03T23:47:55.190Z] Bought 33 shares of RCL at 150.3 each.
[2024-06-03T23:47:57.430Z] No action for ARM.
[2024-06-03T23:47:59.707Z] Bought 28 shares of ANF at 172.87 each.
[2024-06-03T23:48:02.194Z] Bought 226 shares of CHWY at 22.08 each.
[2024-06-03T23:48:04.709Z] No action for JNJ.
[2024-06-03T23:48:07.311Z] No action for PFE.
[2024-06-03T23:48:09.877Z] No action for MRK.
[2024-06-03T23:48:12.616Z] No action for UNH.
[2024-06-03T23:48:15.420Z] No action for ABBV.
[2024-06-03T23:48:18.516Z] No action for BAC.
[2024-06-03T23:48:21.002Z] No action for GS.
[2024-06-03T23:48:23.587Z] No action for C.
[2024-06-03T23:48:26.208Z] No action for WFC.
[2024-06-03T23:48:28.503Z] No action for KO.
[2024-06-03T23:48:30.997Z] No action for PEP.
[2024-06-03T23:48:34.111Z] No action for UL.
[2024-06-03T23:48:37.016Z] No action for CL.
[2024-06-03T23:48:39.881Z] No action for GE.
[2024-06-03T23:48:42.564Z] No action for BA.
[2024-06-03T23:48:44.970Z] No action for CAT.
[2024-06-03T23:48:47.365Z] No action for MMM.
[2024-06-03T23:48:49.778Z] No action for HON.
[2024-06-03T23:48:52.616Z] No action for XOM.
[2024-06-03T23:48:55.613Z] No action for CVX.
[2024-06-03T23:48:58.252Z] No action for COP.
[2024-06-03T23:49:00.924Z] No action for SLB.
[2024-06-03T23:49:03.381Z] No action for HAL.
[2024-06-03T23:49:05.955Z] No action for NEE.
[2024-06-03T23:49:08.749Z] No action for DUK.
[2024-06-03T23:49:11.114Z] No action for D.
[2024-06-03T23:49:13.709Z] No action for SO.
[2024-06-03T23:49:15.980Z] No action for AEP.
[2024-06-03T23:49:18.139Z] No action for VZ.
[2024-06-03T23:49:20.278Z] No action for T.
[2024-06-03T23:49:22.433Z] No action for TMUS.
[2024-06-03T23:49:24.660Z] No action for CMCSA.
[2024-06-03T23:49:26.823Z] No action for CHTR.
[2024-06-03T23:49:29.070Z] No action for DIS.
[2024-06-03T23:49:31.694Z] No action for MCD.
[2024-06-03T23:49:33.960Z] No action for SBUX.
[2024-06-03T23:49:36.071Z] Bought 7 shares of NFLX at 633.79 each.
[2024-06-03T23:49:40.271Z] No action for OSCR.
[2024-06-03T23:49:44.667Z] No action for VMEO.
[2024-06-03T23:52:25.352Z] No action for TSM.
[2024-06-03T23:52:27.563Z] No action for ARM.
[2024-06-03T23:52:29.951Z] No action for TSLA.
[2024-06-03T23:52:32.030Z] No action for AAPL.
[2024-06-03T23:52:34.296Z] Bought 4 shares of NVDA at 1150 each.
[2024-06-03T23:52:36.928Z] Bought 124 shares of MGM at 40.12 each.
[2024-06-03T23:52:39.294Z] No action for GPS.
[2024-06-03T23:52:41.589Z] No action for AMZN.
[2024-06-03T23:52:43.807Z] No action for RIVN.
[2024-06-03T23:52:46.063Z] No action for F.
[2024-06-03T23:52:48.272Z] No action for MSFT.
[2024-06-03T23:52:50.710Z] No action for META.
[2024-06-03T23:52:52.932Z] No action for GOOG.
[2024-06-03T23:52:55.239Z] No action for FLNC.
[2024-06-03T23:52:57.607Z] No action for LLY.
[2024-06-03T23:52:59.932Z] No action for JPM.
[2024-06-03T23:53:02.341Z] No action for PG.
[2024-06-03T23:53:04.501Z] No action for AMD.
[2024-06-03T23:53:06.876Z] No action for PYPL.
[2024-06-03T23:53:09.101Z] No action for EXC.
[2024-06-03T23:53:11.279Z] Bought 37 shares of EA at 133.39 each.
[2024-06-03T23:53:13.453Z] No action for BIIB.
[2024-06-03T23:53:15.886Z] No action for JD.
[2024-06-03T23:53:18.083Z] No action for HPQ.
[2024-06-03T23:53:20.504Z] Bought 33 shares of RCL at 150.3 each.
[2024-06-03T23:53:22.477Z] No action for ARM.
[2024-06-03T23:53:25.039Z] Bought 28 shares of ANF at 172.87 each.
[2024-06-03T23:53:27.676Z] Bought 226 shares of CHWY at 22.08 each.
[2024-06-03T23:53:29.953Z] No action for JNJ.
[2024-06-03T23:53:32.427Z] No action for PFE.
[2024-06-03T23:53:34.831Z] No action for MRK.
[2024-06-03T23:53:37.210Z] No action for UNH.
[2024-06-03T23:53:39.583Z] No action for ABBV.
[2024-06-03T23:53:42.315Z] No action for BAC.
[2024-06-03T23:53:44.464Z] No action for GS.
[2024-06-03T23:53:46.661Z] No action for C.
[2024-06-03T23:53:48.834Z] No action for WFC.
[2024-06-03T23:53:51.048Z] No action for KO.
[2024-06-03T23:53:53.272Z] No action for PEP.
[2024-06-03T23:53:55.535Z] No action for UL.
[2024-06-03T23:53:57.707Z] No action for CL.
[2024-06-03T23:54:00.168Z] No action for GE.
[2024-06-03T23:54:02.565Z] No action for BA.
[2024-06-03T23:54:05.106Z] No action for CAT.
[2024-06-03T23:54:07.740Z] No action for MMM.
[2024-06-03T23:54:10.117Z] No action for HON.
[2024-06-03T23:54:12.238Z] No action for XOM.
[2024-06-03T23:54:15.175Z] No action for CVX.
[2024-06-03T23:54:18.140Z] No action for COP.
[2024-06-03T23:54:20.839Z] No action for SLB.
[2024-06-03T23:54:23.256Z] No action for HAL.
[2024-06-03T23:54:26.528Z] No action for NEE.
[2024-06-03T23:54:28.995Z] No action for DUK.
[2024-06-03T23:54:31.578Z] No action for D.
[2024-06-03T23:54:34.879Z] No action for SO.
[2024-06-03T23:54:37.295Z] No action for AEP.
[2024-06-03T23:54:39.960Z] No action for VZ.
[2024-06-03T23:54:42.175Z] No action for T.
[2024-06-03T23:54:44.575Z] No action for TMUS.
[2024-06-03T23:54:46.995Z] No action for CMCSA.
[2024-06-03T23:54:49.713Z] No action for CHTR.
[2024-06-03T23:54:52.319Z] No action for DIS.
[2024-06-03T23:54:54.553Z] No action for MCD.
[2024-06-03T23:54:56.920Z] No action for SBUX.
[2024-06-03T23:55:00.200Z] Bought 7 shares of NFLX at 633.79 each.
[2024-06-03T23:55:04.484Z] No action for OSCR.
[2024-06-03T23:55:08.971Z] No action for VMEO.
[2024-06-03T23:55:11.249Z] No action for PLTR.
[2024-06-03T23:55:13.583Z] No action for WWW.
[2024-06-03T23:55:18.070Z] No action for BRFS.
[2024-06-03T23:55:20.225Z] No action for DFIN.
[2024-06-03T23:55:24.707Z] No action for GTN.
[2024-06-03T23:55:27.409Z] No action for HIMS.
[2024-06-03T23:55:31.777Z] No action for MMYT.
[2024-06-03T23:55:36.097Z] Bought 50 shares of ML at 98.5 each.
[2024-06-03T23:55:38.262Z] No action for PCTY.
[2024-06-03T23:55:43.473Z] No action for RGA.
[2024-06-03T23:55:47.915Z] No action for SSTK.
[2024-06-03T23:55:52.209Z] No action for JYNT.
[2024-06-03T23:55:54.304Z] Bought 92 shares of WRK at 54.03 each.
[2024-06-03T23:55:56.595Z] No action for WWD.
[2024-06-03T23:55:58.818Z] No action for AROC.
[2024-06-03T23:56:03.567Z] No action for CRS.
[2024-06-03T23:56:08.788Z] Bought 564 shares of NVRI at 8.85 each.
[2024-06-03T23:56:13.457Z] No action for GVA.
[2024-06-03T23:56:15.771Z] No action for HAS.
[2024-06-03T23:56:18.478Z] No action for LDOS.
[2024-06-03T23:56:20.951Z] No action for NWPX.
[2024-06-03T23:56:23.387Z] No action for OSPN.
[2024-06-03T23:56:26.284Z] No action for AGS.
[2024-06-03T23:56:31.689Z] No action for SPXC.
[2024-06-03T23:56:34.233Z] No action for VMI.
[2024-06-03T23:56:36.689Z] Bought 140 shares of AXTA at 35.59 each.
[2024-06-03T23:56:39.024Z] No action for GRMN.
[2024-06-03T23:56:41.442Z] Bought 2347 shares of NGD at 2.1301 each.
[2024-06-03T23:56:44.300Z] No action for CVLT.
[2024-06-03T23:56:48.552Z] No action for VTMX.
[2024-06-03T23:56:50.664Z] No action for MS.
[2024-06-03T23:56:52.751Z] No action for POWL.
[2024-06-03T23:56:57.688Z] No action for TMHC.
[2024-06-03T23:57:00.425Z] No action for WING.
[2024-06-03T23:57:02.620Z] No action for ZBRA.
[2024-06-03T23:57:04.693Z] No action for AEM.
[2024-06-03T23:57:08.918Z] No action for MBIN.
[2024-06-03T23:57:11.198Z] Bought 58 shares of MTX at 85.07 each.
[2024-06-03T23:57:16.079Z] No action for AMKR.
[2024-06-03T23:57:18.383Z] No action for KALU.
[2024-06-03T23:57:20.816Z] No action for SKX.
[2024-06-03T23:57:23.024Z] No action for UMBF.
[2024-06-03T23:57:25.233Z] No action for CSL.
[2024-06-03T23:57:27.558Z] No action for NTNX.
[2024-06-03T23:57:29.748Z] No action for OSK.
[2024-06-03T23:57:32.059Z] No action for PUBM.
[2024-06-03T23:57:35.974Z] No action for SKYW.
[2024-06-03T23:57:40.468Z] No action for TPH.
[2024-06-03T23:57:42.411Z] No action for SPOT.
[2024-06-03T23:57:45.045Z] No action for WAB.
[2024-06-03T23:57:49.228Z] No action for ERO.
[2024-06-03T23:57:51.374Z] No action for PHM.
[2024-06-03T23:57:53.562Z] Bought 60 shares of AZZ at 82.5 each.
[2024-06-03T23:57:57.695Z] Bought 207 shares of ASIX at 24.09 each.
[2024-06-03T23:58:02.707Z] No action for LPX.
[2024-06-03T23:58:05.451Z] Bought 206 shares of AU at 24.23 each.
[2024-06-03T23:58:07.884Z] No action for BMI.
[2024-06-03T23:58:13.394Z] No action for GFI.
[2024-06-03T23:58:19.123Z] No action for FBK.
[2024-06-03T23:58:23.313Z] Bought 263 shares of LAKE at 18.94 each.
[2024-06-03T23:58:27.710Z] No action for SUZ.
[2024-06-03T23:58:30.504Z] Bought 289 shares of HG at 17.25 each.
[2024-06-03T23:58:32.910Z] Bought 115 shares of DBD at 43.45 each.
[2024-06-03T23:58:37.253Z] Bought 269 shares of JAKK at 18.57 each.
[2024-06-03T23:58:39.903Z] Bought 35 shares of STEP at 44.38 each.
[2024-06-03T23:58:42.612Z] No action for NTRS.
[2024-06-03T23:58:47.766Z] No action for GRPN.
[2024-06-03T23:58:50.016Z] No action for BB.
[2024-06-03T23:58:54.655Z] No action for GCT.
[2024-06-03T23:58:59.601Z] No action for CIFR.
[2024-06-03T23:59:04.176Z] No action for FIX.
[2024-06-03T23:59:09.550Z] No action for HCI.
[2024-06-03T23:59:11.896Z] No action for EME.
[2024-06-03T23:59:18.263Z] No action for BKNG.
[2024-06-03T23:59:22.306Z] No action for BSIG.
[2024-06-03T23:59:30.900Z] Bought 1 shares of GPRK at 10.27 each.
[2024-06-03T23:59:32.888Z] No action for IVR.
[2024-06-03T23:59:37.220Z] No action for ITOCY.
[2024-06-03T23:59:39.613Z] No action for JHG.
[2024-06-03T23:59:41.750Z] No action for LMAT.
[2024-06-03T23:59:44.089Z] No action for M.
[2024-06-03T23:59:46.305Z] No action for MLM.
[2024-06-03T23:59:50.450Z] No action for NTIC.
[2024-06-03T23:59:57.420Z] No action for PDD.
[2024-06-03T23:59:59.638Z] No action for RSVR.
[2024-06-04T00:00:04.373Z] No action for SM.
[2024-06-04T00:00:09.048Z] No action for SGRP.
[2024-06-04T00:00:14.657Z] No action for ODP.
[2024-06-04T00:00:17.945Z] No action for WU.
[2024-06-04T00:00:23.080Z] No action for UPLD.
[2024-06-04T00:00:29.996Z] No action for APTV.
[2024-06-04T00:00:32.886Z] No action for EAT.
[2024-06-04T00:00:37.050Z] No action for CPA.
[2024-06-04T00:00:44.698Z] Bought 1 shares of PBI at 5.42 each.
[2024-06-04T00:00:50.937Z] No action for UNCRY.
[2024-06-04T00:00:59.911Z] Holding ANF. No action taken.
[2024-06-04T00:01:10.042Z] No action for COOP.
[2024-06-04T00:01:14.681Z] No action for MMS.
[2024-06-04T00:01:16.876Z] No action for SHIP.
[2024-06-04T00:01:21.233Z] No action for SCBFF.
[2024-06-04T00:01:23.689Z] No action for TYL.
[2024-06-04T00:01:33.825Z] No action for SPNS.
[2024-06-04T00:01:35.985Z] No action for CIM.
[2024-06-04T00:01:38.087Z] No action for DY.
[2024-06-04T00:01:42.054Z] No action for BMA.
[2024-06-04T00:01:46.609Z] No action for PRMW.
[2024-06-04T00:01:50.763Z] No action for RBA.
[2024-06-04T00:01:55.129Z] No action for LPG.
[2024-06-04T00:02:00.230Z] No action for HUYA.
[2024-06-04T00:02:02.681Z] No action for OC.
[2024-06-04T00:02:06.944Z] No action for TOELY.
[2024-06-04T00:02:12.440Z] No action for DBX.
[2024-06-04T00:02:21.602Z] Bought 1 shares of IDN at 2.96 each.
[2024-06-04T00:02:26.110Z] No action for KBCSY.
[2024-06-04T00:02:30.185Z] No action for BEKE.
[2024-06-04T00:02:32.490Z] No action for KD.
[2024-06-04T00:02:37.325Z] No action for IAG.
[2024-06-04T00:02:42.596Z] No action for SCCO.
[2024-06-04T00:02:51.420Z] No action for NEWT.
[2024-06-04T00:03:00.477Z] No action for GS.
[2024-06-04T00:03:02.787Z] No action for IPW.
[2024-06-04T00:03:07.516Z] No action for HL.
[2024-06-04T00:03:15.359Z] No action for PED.
[2024-06-04T00:03:20.401Z] No action for ACIC.
[2024-06-04T00:16:20.614Z] No action for TSM.
[2024-06-04T00:16:22.692Z] No action for ARM.
[2024-06-04T00:16:25.364Z] No action for TSLA.
[2024-06-04T00:16:27.676Z] No action for AAPL.
[2024-06-04T00:16:29.806Z] Bought 4 shares of NVDA at 1150 each.
[2024-06-04T00:16:32.108Z] Bought 124 shares of MGM at 40.12 each.
[2024-06-04T00:16:34.338Z] No action for GPS.
[2024-06-04T00:16:36.477Z] No action for AMZN.
[2024-06-04T00:16:38.756Z] No action for RIVN.
[2024-06-04T00:16:40.950Z] No action for F.
[2024-06-04T00:16:43.027Z] No action for MSFT.
[2024-06-04T00:16:45.215Z] No action for META.
[2024-06-04T00:16:47.381Z] No action for GOOG.
[2024-06-04T00:16:49.657Z] No action for FLNC.
[2024-06-04T00:16:51.730Z] No action for LLY.
[2024-06-04T00:16:53.904Z] No action for JPM.
[2024-06-04T00:16:55.963Z] No action for PG.
[2024-06-04T00:16:58.122Z] No action for AMD.
[2024-06-04T00:17:00.207Z] No action for ANET.
[2024-06-04T00:17:02.262Z] No action for PYPL.
[2024-06-04T00:17:04.361Z] No action for EXC.
[2024-06-04T00:17:06.528Z] Bought 37 shares of EA at 133.39 each.
[2024-06-04T00:17:08.660Z] No action for BIIB.
[2024-06-04T00:17:10.773Z] No action for JD.
[2024-06-04T00:17:12.966Z] No action for HPQ.
[2024-06-04T00:17:15.343Z] Bought 33 shares of RCL at 150.3 each.
[2024-06-04T00:17:17.482Z] No action for ARM.
[2024-06-04T00:17:19.495Z] No action for ANF.
[2024-06-04T00:17:21.814Z] Bought 226 shares of CHWY at 22.08 each.
[2024-06-04T00:17:23.905Z] No action for JNJ.
[2024-06-04T00:17:25.927Z] No action for PFE.
[2024-06-04T00:17:28.069Z] No action for MRK.
[2024-06-04T00:17:30.081Z] No action for UNH.
[2024-06-04T00:17:32.239Z] No action for ABBV.
[2024-06-04T00:17:34.330Z] No action for BAC.
[2024-06-04T00:17:36.383Z] No action for GS.
[2024-06-04T00:17:38.628Z] No action for C.
[2024-06-04T00:17:40.815Z] No action for WFC.
[2024-06-04T00:17:43.553Z] No action for KO.
[2024-06-04T00:17:45.784Z] No action for PEP.
[2024-06-04T00:17:47.855Z] No action for UL.
[2024-06-04T00:17:50.038Z] No action for CL.
[2024-06-04T00:17:52.123Z] No action for GE.
[2024-06-04T00:17:54.353Z] No action for BA.
[2024-06-04T00:17:57.554Z] No action for CAT.
[2024-06-04T00:17:59.600Z] No action for MMM.
[2024-06-04T00:18:02.539Z] No action for HON.
[2024-06-04T00:18:04.977Z] No action for XOM.
[2024-06-04T00:18:07.553Z] No action for CVX.
[2024-06-04T00:18:10.183Z] No action for COP.
[2024-06-04T00:18:12.943Z] No action for SLB.
[2024-06-04T00:18:15.236Z] No action for HAL.
[2024-06-04T00:18:17.669Z] No action for NEE.
[2024-06-04T00:18:20.269Z] No action for DUK.
[2024-06-04T00:18:22.532Z] No action for D.
[2024-06-04T00:18:24.806Z] No action for SO.
[2024-06-04T00:18:27.753Z] No action for AEP.
[2024-06-04T00:18:30.496Z] No action for VZ.
[2024-06-04T00:18:32.684Z] No action for T.
[2024-06-04T00:18:34.971Z] No action for TMUS.
[2024-06-04T00:18:37.543Z] No action for CMCSA.
[2024-06-04T00:18:40.073Z] No action for CHTR.
[2024-06-04T00:18:42.723Z] No action for DIS.
[2024-06-04T00:18:44.816Z] No action for MCD.
[2024-06-04T00:18:46.930Z] No action for SBUX.
[2024-06-04T00:18:48.987Z] Bought 7 shares of NFLX at 633.79 each.
[2024-06-04T00:18:53.376Z] No action for OSCR.
[2024-06-04T00:18:57.904Z] No action for VMEO.
[2024-06-04T00:19:00.100Z] No action for PLTR.
[2024-06-04T00:19:02.330Z] No action for WWW.
[2024-06-04T00:19:07.207Z] No action for BRFS.
[2024-06-04T00:19:09.406Z] No action for DFIN.
[2024-06-04T00:19:13.634Z] No action for GTN.
[2024-06-04T00:19:15.905Z] No action for HIMS.
[2024-06-04T00:19:20.241Z] No action for MMYT.
[2024-06-04T00:19:25.072Z] Bought 50 shares of ML at 98.5 each.
[2024-06-04T00:19:27.260Z] No action for PCTY.
[2024-06-04T00:19:31.378Z] No action for RGA.
[2024-06-04T00:19:35.407Z] No action for SSTK.
[2024-06-04T00:19:40.086Z] No action for JYNT.
[2024-06-04T00:19:42.193Z] Bought 92 shares of WRK at 54.03 each.
[2024-06-04T00:19:44.790Z] No action for WWD.
[2024-06-04T00:19:46.894Z] No action for AROC.
[2024-06-04T00:19:51.679Z] No action for CRS.
[2024-06-04T00:19:56.271Z] Bought 564 shares of NVRI at 8.85 each.
[2024-06-04T00:20:00.708Z] No action for GVA.
[2024-06-04T00:20:03.080Z] No action for HAS.
[2024-06-04T00:20:05.738Z] No action for LDOS.
[2024-06-04T00:20:08.198Z] No action for NWPX.
[2024-06-04T00:20:10.613Z] No action for OSPN.
[2024-06-04T00:20:13.229Z] No action for AGS.
[2024-06-04T00:20:18.005Z] No action for SPXC.
[2024-06-04T00:20:20.265Z] No action for VMI.
[2024-06-04T00:20:22.466Z] Bought 140 shares of AXTA at 35.59 each.
[2024-06-04T00:20:24.819Z] No action for GRMN.
[2024-06-04T00:20:27.116Z] Bought 2347 shares of NGD at 2.1301 each.
[2024-06-04T00:20:29.397Z] No action for CVLT.
[2024-06-04T00:20:33.869Z] No action for VTMX.
[2024-06-04T00:20:36.521Z] No action for MS.
[2024-06-04T00:20:39.081Z] No action for POWL.
[2024-06-04T00:20:43.385Z] No action for TMHC.
[2024-06-04T00:20:45.869Z] No action for WING.
[2024-06-04T00:20:48.176Z] No action for ZBRA.
[2024-06-04T00:20:50.683Z] No action for AEM.
[2024-06-04T00:20:55.005Z] No action for MBIN.
[2024-06-04T00:20:57.344Z] Bought 58 shares of MTX at 85.07 each.
[2024-06-04T00:21:02.103Z] No action for AMKR.
[2024-06-04T00:21:04.559Z] No action for KALU.
[2024-06-04T00:21:07.005Z] No action for SKX.
[2024-06-04T00:21:09.372Z] No action for UMBF.
[2024-06-04T00:21:11.981Z] No action for CSL.
[2024-06-04T00:21:15.503Z] No action for NTNX.
[2024-06-04T00:21:17.847Z] No action for OSK.
[2024-06-04T00:21:20.133Z] No action for PUBM.
[2024-06-04T00:21:24.662Z] No action for SKYW.
[2024-06-04T00:21:29.182Z] No action for TPH.
[2024-06-04T00:21:31.864Z] No action for SPOT.
[2024-06-04T00:21:34.190Z] No action for WAB.
[2024-06-04T00:21:38.692Z] No action for ERO.
[2024-06-04T00:21:41.156Z] No action for PHM.
[2024-06-04T00:21:43.452Z] Bought 60 shares of AZZ at 82.5 each.
[2024-06-04T00:21:47.757Z] Bought 207 shares of ASIX at 24.09 each.
[2024-06-04T00:21:52.319Z] No action for LPX.
[2024-06-04T00:21:54.714Z] Bought 206 shares of AU at 24.23 each.
[2024-06-04T00:21:56.981Z] No action for BMI.
[2024-06-04T00:22:02.143Z] No action for GFI.
[2024-06-04T00:22:06.921Z] No action for FBK.
[2024-06-04T00:22:11.401Z] Bought 263 shares of LAKE at 18.94 each.
[2024-06-04T00:22:16.332Z] No action for SUZ.
[2024-06-04T00:22:18.758Z] Bought 289 shares of HG at 17.25 each.
[2024-06-04T00:22:22.342Z] Bought 115 shares of DBD at 43.45 each.
[2024-06-04T00:22:26.655Z] Bought 269 shares of JAKK at 18.57 each.
[2024-06-04T00:22:29.188Z] Bought 112 shares of STEP at 44.38 each.
[2024-06-04T00:22:32.244Z] No action for NTRS.
[2024-06-04T00:22:34.715Z] Bought 12 shares of TROW at 116.565 each.
[2024-06-04T00:22:37.250Z] No action for GRPN.
[2024-06-04T00:22:39.995Z] No action for BB.
[2024-06-04T00:22:44.717Z] No action for GCT.
[2024-06-04T00:22:49.163Z] No action for CIFR.
[2024-06-04T00:22:53.452Z] No action for FIX.
[2024-06-04T00:22:57.813Z] No action for HCI.
[2024-06-04T00:23:00.033Z] No action for EME.
[2024-06-04T00:23:07.468Z] No action for BKNG.
[2024-06-04T00:23:12.432Z] No action for BSIG.
[2024-06-04T00:23:21.922Z] Bought 4 shares of GPRK at 10.27 each.
[2024-06-04T00:23:24.183Z] No action for IVR.
[2024-06-04T00:23:28.690Z] No action for ITOCY.
[2024-06-04T00:23:31.378Z] No action for JHG.
[2024-06-04T00:23:33.547Z] No action for LMAT.
[2024-06-04T00:23:35.931Z] No action for M.
[2024-06-04T00:23:37.972Z] No action for MLM.
[2024-06-04T00:23:42.494Z] No action for NTIC.
[2024-06-04T00:23:49.033Z] No action for PDD.
[2024-06-04T00:23:51.133Z] No action for RSVR.
[2024-06-04T00:23:55.593Z] No action for SM.
[2024-06-04T00:24:01.356Z] No action for SGRP.
[2024-06-04T00:24:06.083Z] No action for ODP.
[2024-06-04T00:24:08.246Z] No action for WU.
[2024-06-04T00:24:12.941Z] No action for UPLD.
[2024-06-04T00:24:20.408Z] No action for APTV.
[2024-06-04T00:24:22.700Z] No action for EAT.
[2024-06-04T00:24:26.716Z] No action for CPA.
[2024-06-04T00:24:37.678Z] No action for UNCRY.
[2024-06-04T00:24:44.184Z] No action for ANF.
[2024-06-04T00:24:53.241Z] No action for COOP.
[2024-06-04T00:24:58.215Z] No action for MMS.
[2024-06-04T00:25:00.537Z] No action for SHIP.
[2024-06-04T00:25:05.017Z] No action for SCBFF.
[2024-06-04T00:25:07.118Z] No action for TYL.
[2024-06-04T00:25:17.641Z] No action for SPNS.
[2024-06-04T00:25:19.837Z] No action for CIM.
[2024-06-04T00:25:22.061Z] No action for DY.
[2024-06-04T00:25:26.796Z] No action for BMA.
[2024-06-04T00:25:31.727Z] No action for PRMW.
[2024-06-04T00:25:35.997Z] No action for RBA.
[2024-06-04T00:25:40.981Z] No action for LPG.
[2024-06-04T00:25:45.610Z] No action for HUYA.
[2024-06-04T00:25:48.277Z] No action for OC.
[2024-06-04T00:25:52.708Z] No action for TOELY.
[2024-06-04T00:25:57.172Z] No action for DBX.
[2024-06-04T00:26:06.236Z] Bought 1 shares of IDN at 2.96 each.
[2024-06-04T00:26:11.171Z] No action for KBCSY.
[2024-06-04T00:26:15.427Z] No action for BEKE.
[2024-06-04T00:26:18.024Z] No action for KD.
[2024-06-04T00:26:22.602Z] No action for IAG.
[2024-06-04T00:26:27.027Z] No action for SCCO.
[2024-06-04T00:26:37.263Z] No action for NEWT.
[2024-06-04T00:26:51.163Z] No action for GS.
[2024-06-04T00:26:53.477Z] No action for IPW.
[2024-06-04T00:26:58.589Z] No action for HL.
[2024-06-04T00:27:06.185Z] No action for PED.
[2024-06-04T00:27:25.472Z] No action for BLBD.
[2024-06-04T00:27:32.257Z] No action for HMY.
[2024-06-04T00:27:37.072Z] No action for ITRI.
[2024-06-04T00:27:41.404Z] No action for SLVM.
[2024-06-04T00:27:46.278Z] No action for APP.
[2024-06-04T00:27:50.892Z] No action for DDOG.
[2024-06-04T00:27:55.606Z] No action for EPC.
[2024-06-04T00:27:58.017Z] No action for GLDD.
[2024-06-04T00:28:00.277Z] No action for HY.
[2024-06-04T00:28:02.803Z] No action for OGN.
[2024-06-04T00:28:07.417Z] No action for PMT.
[2024-06-04T00:28:12.393Z] No action for SN.
[2024-06-04T00:28:16.980Z] No action for TRTX.
[2024-06-04T00:28:19.738Z] No action for TPC.
[2024-06-04T00:28:31.679Z] No action for SFM.
[2024-06-04T05:37:58.312Z] No action for TSM.
[2024-06-04T05:38:00.909Z] No action for ARM.
[2024-06-04T05:38:03.512Z] No action for TSLA.
[2024-06-04T05:38:06.205Z] No action for AAPL.
[2024-06-04T05:38:18.398Z] No action for AMZN.
[2024-06-04T05:38:21.123Z] No action for RIVN.
[2024-06-04T05:38:24.014Z] No action for F.
[2024-06-04T05:38:26.769Z] No action for MSFT.
[2024-06-04T05:38:29.651Z] No action for META.
[2024-06-04T05:38:32.445Z] No action for GOOG.
[2024-06-04T05:38:34.940Z] No action for FLNC.
[2024-06-04T05:38:37.508Z] No action for LLY.
[2024-06-04T05:38:40.526Z] No action for JPM.
[2024-06-04T05:38:43.343Z] No action for PG.
[2024-06-04T05:38:46.182Z] No action for AMD.
[2024-06-04T05:38:48.842Z] No action for ANET.
[2024-06-04T05:38:51.603Z] No action for PYPL.
[2024-06-04T05:38:54.250Z] No action for EXC.
[2024-06-04T05:39:00.038Z] No action for BIIB.
[2024-06-04T05:39:03.243Z] No action for JD.
[2024-06-04T05:39:06.104Z] No action for HPQ.
[2024-06-04T05:39:11.407Z] No action for ARM.
[2024-06-04T05:39:14.000Z] No action for ANF.
[2024-06-04T05:39:18.890Z] No action for JNJ.
[2024-06-04T05:39:21.534Z] No action for PFE.
[2024-06-04T05:39:24.324Z] No action for MRK.
[2024-06-04T05:39:26.932Z] No action for UNH.
[2024-06-04T05:39:29.677Z] No action for ABBV.
[2024-06-04T05:39:32.565Z] No action for BAC.
[2024-06-04T05:39:35.181Z] No action for GS.
[2024-06-04T05:39:37.970Z] No action for C.
[2024-06-04T05:39:40.420Z] No action for WFC.
[2024-06-04T05:39:42.575Z] No action for KO.
[2024-06-04T05:39:44.778Z] No action for PEP.
[2024-06-04T05:39:47.570Z] No action for UL.
[2024-06-04T05:39:49.858Z] No action for CL.
[2024-06-04T05:39:51.976Z] No action for GE.
[2024-06-04T05:39:54.105Z] No action for BA.
[2024-06-04T05:39:56.560Z] No action for CAT.
[2024-06-04T05:39:58.802Z] No action for MMM.
[2024-06-04T05:40:01.269Z] No action for HON.
[2024-06-04T05:40:03.821Z] No action for XOM.
[2024-06-04T05:40:07.315Z] No action for CVX.
[2024-06-04T05:40:10.605Z] No action for COP.
[2024-06-04T05:40:13.219Z] No action for SLB.
[2024-06-04T05:40:16.117Z] No action for HAL.
[2024-06-04T05:40:18.448Z] No action for NEE.
[2024-06-04T05:40:21.917Z] No action for DUK.
[2024-06-04T05:40:24.553Z] No action for D.
[2024-06-04T05:40:27.195Z] No action for SO.
[2024-06-04T05:40:30.167Z] No action for AEP.
[2024-06-04T05:40:32.584Z] No action for VZ.
[2024-06-04T05:40:35.330Z] No action for T.
[2024-06-04T05:40:37.963Z] No action for TMUS.
[2024-06-04T05:40:40.487Z] No action for CMCSA.
[2024-06-04T05:40:43.284Z] No action for CHTR.
[2024-06-04T05:40:47.426Z] No action for DIS.
[2024-06-04T05:40:50.368Z] No action for MCD.
[2024-06-04T05:40:53.171Z] No action for SBUX.
[2024-06-04T05:41:00.039Z] No action for OSCR.
[2024-06-04T05:41:05.050Z] No action for VMEO.
[2024-06-04T05:41:07.554Z] No action for PLTR.
[2024-06-04T05:41:10.019Z] No action for WWW.
[2024-06-04T05:41:14.939Z] No action for BRFS.
[2024-06-04T05:41:17.339Z] No action for DFIN.
[2024-06-04T05:41:22.382Z] No action for GTN.
[2024-06-04T05:41:24.657Z] No action for HIMS.
[2024-06-04T05:41:28.967Z] No action for MMYT.
[2024-06-04T05:41:35.911Z] No action for PCTY.
[2024-06-04T05:41:40.538Z] No action for RGA.
[2024-06-04T05:41:44.856Z] No action for SSTK.
[2024-06-04T05:41:50.435Z] No action for JYNT.
[2024-06-04T05:41:55.121Z] No action for WWD.
[2024-06-04T05:41:57.444Z] No action for AROC.
[2024-06-04T05:42:02.056Z] No action for CRS.
[2024-06-04T05:42:11.492Z] No action for GVA.
[2024-06-04T05:42:14.177Z] No action for HAS.
[2024-06-04T05:42:16.872Z] No action for LDOS.
[2024-06-04T05:42:20.005Z] No action for NWPX.
[2024-06-04T05:42:22.666Z] No action for OSPN.
[2024-06-04T05:42:26.124Z] No action for AGS.
[2024-06-04T05:42:31.177Z] No action for SPXC.
[2024-06-04T05:42:33.835Z] No action for VMI.
[2024-06-04T05:42:39.169Z] No action for GRMN.
[2024-06-04T05:42:46.052Z] No action for CVLT.
[2024-06-04T05:42:50.733Z] No action for VTMX.
[2024-06-04T05:42:53.427Z] No action for MS.
[2024-06-04T05:42:55.850Z] No action for POWL.
[2024-06-04T05:43:00.486Z] No action for TMHC.
[2024-06-04T05:43:03.003Z] No action for WING.
[2024-06-04T05:43:05.323Z] No action for ZBRA.
[2024-06-04T05:43:07.579Z] No action for AEM.
[2024-06-04T05:43:12.526Z] No action for MBIN.
[2024-06-04T05:43:19.265Z] No action for AMKR.
[2024-06-04T05:43:21.768Z] No action for KALU.
[2024-06-04T05:43:24.316Z] No action for SKX.
[2024-06-04T05:43:27.090Z] No action for UMBF.
[2024-06-04T05:43:29.681Z] No action for CSL.
[2024-06-04T05:43:32.332Z] No action for NTNX.
[2024-06-04T05:43:34.835Z] No action for OSK.
[2024-06-04T05:43:37.262Z] No action for PUBM.
[2024-06-04T05:43:41.951Z] No action for SKYW.
[2024-06-04T05:43:46.324Z] No action for TPH.
[2024-06-04T05:43:48.781Z] No action for SPOT.
[2024-06-04T05:43:51.134Z] No action for WAB.
[2024-06-04T05:43:55.714Z] No action for ERO.
[2024-06-04T05:43:58.674Z] No action for PHM.
[2024-06-04T05:44:05.721Z] Holding ASIX. No action taken.
[2024-06-04T05:44:10.721Z] No action for LPX.
[2024-06-04T05:44:12.888Z] Holding AU. No action taken.
[2024-06-04T05:44:15.678Z] No action for BMI.
[2024-06-04T05:44:20.314Z] No action for GFI.
[2024-06-04T05:44:24.674Z] No action for FBK.
[2024-06-04T05:44:33.665Z] No action for SUZ.
[2024-06-04T05:44:47.967Z] No action for NTRS.
[2024-06-04T05:44:53.341Z] No action for GRPN.
[2024-06-04T05:44:55.715Z] No action for BB.
[2024-06-04T05:45:00.466Z] No action for GCT.
[2024-06-04T05:45:05.286Z] No action for CIFR.
[2024-06-04T05:45:09.617Z] No action for FIX.
[2024-06-04T05:45:14.301Z] No action for HCI.
[2024-06-04T05:45:17.223Z] No action for EME.
[2024-06-04T05:45:24.374Z] No action for BKNG.
[2024-06-04T05:45:28.717Z] No action for BSIG.
[2024-06-04T05:45:33.679Z] No action for CLS.
[2024-06-04T05:45:45.973Z] No action for IVR.
[2024-06-04T05:45:54.410Z] No action for ITOCY.
[2024-06-04T05:45:57.570Z] No action for JHG.
[2024-06-04T05:45:59.974Z] No action for LMAT.
[2024-06-04T05:46:06.108Z] No action for M.
[2024-06-04T05:46:08.464Z] No action for MLM.
[2024-06-04T05:46:12.557Z] No action for NTIC.
[2024-06-04T05:46:19.949Z] No action for PDD.
[2024-06-04T05:46:22.553Z] No action for RSVR.
[2024-06-04T05:46:26.862Z] No action for SM.
[2024-06-04T05:46:31.372Z] No action for SGRP.
[2024-06-04T05:46:36.415Z] No action for ODP.
[2024-06-04T05:46:38.772Z] No action for WU.
[2024-06-04T05:46:43.645Z] No action for UPLD.
[2024-06-04T05:46:50.394Z] No action for APTV.
[2024-06-04T05:46:52.618Z] No action for EAT.
[2024-06-04T05:46:56.830Z] No action for CPA.
[2024-06-04T05:47:07.724Z] No action for UNCRY.
[2024-06-04T05:47:14.392Z] No action for ANF.
[2024-06-04T05:47:23.111Z] No action for COOP.
[2024-06-04T05:47:27.739Z] No action for MMS.
[2024-06-04T05:47:29.958Z] No action for SHIP.
[2024-06-04T05:47:34.441Z] No action for SCBFF.
[2024-06-04T05:47:37.148Z] No action for TYL.
[2024-06-04T05:47:47.552Z] No action for SPNS.
[2024-06-04T05:47:49.656Z] No action for CIM.
[2024-06-04T05:47:51.879Z] No action for DY.
[2024-06-04T05:47:56.610Z] No action for BMA.
[2024-06-04T05:48:00.617Z] No action for PRMW.
[2024-06-04T05:48:05.097Z] No action for RBA.
[2024-06-04T05:48:09.881Z] No action for LPG.
[2024-06-04T05:48:14.404Z] No action for HUYA.
[2024-06-04T05:48:17.042Z] No action for OC.
[2024-06-04T05:48:21.670Z] No action for TOELY.
[2024-06-04T05:48:26.325Z] No action for DBX.
[2024-06-04T05:48:39.050Z] No action for KBCSY.
[2024-06-04T05:48:43.370Z] No action for BEKE.
[2024-06-04T05:48:46.109Z] No action for KD.
[2024-06-04T05:48:50.385Z] No action for IAG.
[2024-06-04T05:48:53.115Z] No action for SIG.
[2024-06-04T05:48:55.251Z] No action for SCCO.
[2024-06-04T05:49:04.566Z] No action for NEWT.
[2024-06-04T05:49:13.445Z] No action for GS.
[2024-06-04T05:49:15.674Z] No action for IPW.
[2024-06-04T05:49:19.831Z] No action for HL.
[2024-06-04T05:49:22.141Z] No action for ODD.
[2024-06-04T05:49:26.521Z] No action for PED.
[2024-06-04T05:49:31.370Z] No action for ACIC.
[2024-06-04T05:49:46.396Z] No action for BLBD.
[2024-06-04T05:49:53.716Z] No action for HMY.
[2024-06-04T05:49:57.957Z] No action for ITRI.
[2024-06-04T05:50:02.582Z] No action for SLVM.
[2024-06-04T05:50:08.241Z] No action for APP.
[2024-06-04T05:50:13.721Z] No action for DDOG.
[2024-06-04T05:50:18.479Z] No action for EPC.
[2024-06-04T05:50:20.851Z] No action for GLDD.
[2024-06-04T05:50:23.300Z] No action for HY.
[2024-06-04T05:50:25.929Z] No action for OGN.
[2024-06-04T05:50:30.298Z] No action for PMT.
[2024-06-04T05:50:35.151Z] No action for SN.
[2024-06-04T05:50:39.599Z] No action for TRTX.
[2024-06-04T05:50:42.352Z] No action for TPC.
[2024-06-04T05:50:55.653Z] No action for SFM.
[2024-06-04T06:38:17.899Z] No action for TSM.
[2024-06-04T06:38:20.982Z] No action for ARM.
[2024-06-04T06:38:23.760Z] No action for TSLA.
[2024-06-04T06:38:26.220Z] No action for AAPL.
[2024-06-04T06:38:36.212Z] No action for AMZN.
[2024-06-04T06:38:38.752Z] No action for RIVN.
[2024-06-04T06:38:41.170Z] No action for F.
[2024-06-04T06:38:43.231Z] No action for MSFT.
[2024-06-04T06:38:45.396Z] No action for META.
[2024-06-04T06:38:47.561Z] No action for GOOG.
[2024-06-04T06:38:49.900Z] No action for FLNC.
[2024-06-04T06:38:52.352Z] No action for LLY.
[2024-06-04T06:38:55.180Z] No action for JPM.
[2024-06-04T06:38:57.477Z] No action for PG.
[2024-06-04T06:38:59.966Z] No action for AMD.
[2024-06-04T06:39:02.839Z] No action for ANET.
[2024-06-04T06:39:05.295Z] No action for PYPL.
[2024-06-04T06:39:07.515Z] No action for EXC.
[2024-06-04T06:39:12.215Z] No action for BIIB.
[2024-06-04T06:39:14.582Z] No action for JD.
[2024-06-04T06:39:16.745Z] No action for HPQ.
[2024-06-04T06:39:21.435Z] No action for ARM.
[2024-06-04T06:39:23.772Z] No action for ANF.
[2024-06-04T06:39:29.329Z] No action for JNJ.
[2024-06-04T06:39:31.581Z] No action for PFE.
[2024-06-04T06:39:34.659Z] No action for MRK.
[2024-06-04T06:39:37.278Z] No action for UNH.
[2024-06-04T06:39:40.203Z] No action for ABBV.
[2024-06-04T06:39:43.093Z] No action for BAC.
[2024-06-04T06:39:45.469Z] No action for GS.
[2024-06-04T06:39:47.895Z] No action for C.
[2024-06-04T06:39:50.167Z] No action for WFC.
[2024-06-04T06:39:52.529Z] No action for KO.
[2024-06-04T06:39:55.018Z] No action for PEP.
[2024-06-04T06:39:57.240Z] No action for UL.
[2024-06-04T06:39:59.568Z] No action for CL.
[2024-06-04T06:40:02.185Z] No action for GE.
[2024-06-04T06:40:05.110Z] No action for BA.
[2024-06-04T06:40:07.574Z] No action for CAT.
[2024-06-04T06:40:09.875Z] No action for MMM.
[2024-06-04T06:40:12.597Z] No action for HON.
[2024-06-04T06:40:15.003Z] No action for XOM.
[2024-06-04T06:40:17.476Z] No action for CVX.
[2024-06-04T06:40:19.995Z] No action for COP.
[2024-06-04T06:40:22.387Z] No action for SLB.
[2024-06-04T06:40:25.055Z] No action for HAL.
[2024-06-04T06:40:27.879Z] No action for NEE.
[2024-06-04T06:40:30.841Z] No action for DUK.
[2024-06-04T06:40:33.568Z] No action for D.
[2024-06-04T06:40:35.750Z] No action for SO.
[2024-06-04T06:40:38.745Z] No action for AEP.
[2024-06-04T06:40:41.535Z] No action for VZ.
[2024-06-04T06:40:44.561Z] No action for T.
[2024-06-04T06:40:46.921Z] No action for TMUS.
[2024-06-04T06:40:49.355Z] No action for CMCSA.
[2024-06-04T06:40:51.998Z] No action for CHTR.
[2024-06-04T06:40:54.555Z] No action for DIS.
[2024-06-04T06:40:56.852Z] No action for MCD.
[2024-06-04T06:40:59.974Z] No action for SBUX.
[2024-06-04T06:41:07.136Z] No action for OSCR.
[2024-06-04T06:41:11.679Z] No action for VMEO.
[2024-06-04T06:41:13.883Z] No action for PLTR.
[2024-06-04T06:41:16.527Z] No action for WWW.
[2024-06-04T06:41:20.933Z] No action for BRFS.
[2024-06-04T06:41:23.218Z] No action for DFIN.
[2024-06-04T06:41:27.144Z] No action for GTN.
[2024-06-04T06:41:29.384Z] No action for HIMS.
[2024-06-04T06:41:33.378Z] No action for MMYT.
[2024-06-04T06:41:39.494Z] No action for PCTY.
[2024-06-04T06:41:43.665Z] No action for RGA.
[2024-06-04T06:41:47.541Z] No action for SSTK.
[2024-06-04T06:41:51.367Z] No action for JYNT.
[2024-06-04T06:41:55.648Z] No action for WWD.
[2024-06-04T06:41:57.700Z] No action for AROC.
[2024-06-04T06:42:01.837Z] No action for CRS.
[2024-06-04T06:42:10.679Z] No action for GVA.
[2024-06-04T06:42:13.241Z] No action for HAS.
[2024-06-04T06:42:15.515Z] No action for LDOS.
[2024-06-04T06:42:17.672Z] No action for NWPX.
[2024-06-04T06:42:20.673Z] No action for OSPN.
[2024-06-04T06:42:23.589Z] No action for AGS.
[2024-06-04T06:42:28.075Z] No action for SPXC.
[2024-06-04T06:42:30.403Z] No action for VMI.
[2024-06-04T06:42:35.437Z] No action for GRMN.
[2024-06-04T06:42:39.974Z] No action for CVLT.
[2024-06-04T06:42:44.118Z] No action for VTMX.
[2024-06-04T06:42:46.190Z] No action for MS.
[2024-06-04T06:42:48.332Z] No action for POWL.
[2024-06-04T06:42:52.876Z] No action for TMHC.
[2024-06-04T06:42:54.996Z] No action for WING.
[2024-06-04T06:42:57.076Z] No action for ZBRA.
[2024-06-04T06:42:59.223Z] No action for AEM.
[2024-06-04T06:43:03.737Z] No action for MBIN.
[2024-06-04T06:43:09.995Z] No action for AMKR.
[2024-06-04T06:43:12.053Z] No action for KALU.
[2024-06-04T06:43:14.316Z] No action for SKX.
[2024-06-04T06:43:16.384Z] No action for UMBF.
[2024-06-04T06:43:18.572Z] No action for CSL.
[2024-06-04T06:43:20.717Z] No action for NTNX.
[2024-06-04T06:43:22.741Z] No action for OSK.
[2024-06-04T06:43:24.919Z] No action for PUBM.
[2024-06-04T06:43:28.828Z] No action for SKYW.
[2024-06-04T06:43:33.225Z] No action for TPH.
[2024-06-04T06:43:35.262Z] No action for SPOT.
[2024-06-04T06:43:37.412Z] No action for WAB.
[2024-06-04T06:43:41.420Z] No action for ERO.
[2024-06-04T06:43:43.481Z] No action for PHM.
[2024-06-04T06:43:49.844Z] Holding ASIX. No action taken.
[2024-06-04T06:43:54.069Z] No action for LPX.
[2024-06-04T06:43:56.571Z] Holding AU. No action taken.
[2024-06-04T06:43:58.739Z] No action for BMI.
[2024-06-04T06:44:03.950Z] No action for GFI.
[2024-06-04T06:44:08.368Z] No action for FBK.
[2024-06-04T06:44:16.817Z] No action for SUZ.
[2024-06-04T06:44:30.556Z] No action for NTRS.
[2024-06-04T06:44:35.504Z] No action for GRPN.
[2024-06-04T06:44:38.314Z] No action for BB.
[2024-06-04T06:44:43.414Z] No action for GCT.
[2024-06-04T06:44:47.517Z] No action for CIFR.
[2024-06-04T06:44:51.284Z] No action for FIX.
[2024-06-04T06:44:55.520Z] No action for HCI.
[2024-06-04T06:44:57.519Z] No action for EME.
[2024-06-04T06:45:04.001Z] No action for BKNG.
[2024-06-04T06:45:11.221Z] No action for BSIG.
[2024-06-04T06:45:15.096Z] No action for CLS.
[2024-06-04T06:45:21.351Z] No action for IVR.
[2024-06-04T06:45:25.259Z] No action for ITOCY.
[2024-06-04T06:45:27.248Z] No action for JHG.
[2024-06-04T06:45:29.226Z] No action for LMAT.
[2024-06-04T06:45:31.345Z] No action for M.
[2024-06-04T06:45:34.776Z] No action for MLM.
[2024-06-04T06:45:38.935Z] No action for NTIC.
[2024-06-04T06:45:45.255Z] No action for PDD.
[2024-06-04T06:45:47.918Z] No action for RSVR.
[2024-06-04T06:45:59.967Z] No action for SM.
[2024-06-04T06:46:04.307Z] No action for SGRP.
[2024-06-04T06:46:08.576Z] No action for ODP.
[2024-06-04T06:46:11.117Z] No action for WU.
[2024-06-04T06:46:15.631Z] No action for UPLD.
[2024-06-04T06:46:22.234Z] No action for APTV.
[2024-06-04T06:46:25.231Z] No action for EAT.
[2024-06-04T06:46:29.410Z] No action for CPA.
[2024-06-04T06:46:40.656Z] No action for UNCRY.
[2024-06-04T06:46:46.940Z] No action for ANF.
[2024-06-04T06:46:56.065Z] No action for COOP.
[2024-06-04T06:47:00.067Z] No action for MMS.
[2024-06-04T06:47:02.103Z] No action for SHIP.
[2024-06-04T06:47:06.426Z] No action for SCBFF.
[2024-06-04T06:47:08.471Z] No action for TYL.
[2024-06-04T06:47:18.345Z] No action for SPNS.
[2024-06-04T06:47:20.350Z] No action for CIM.
[2024-06-04T06:47:22.378Z] No action for DY.
[2024-06-04T06:47:26.731Z] No action for BMA.
[2024-06-04T06:47:30.624Z] No action for PRMW.
[2024-06-04T06:47:35.297Z] No action for RBA.
[2024-06-04T06:47:39.330Z] No action for LPG.
[2024-06-04T06:47:43.371Z] No action for HUYA.
[2024-06-04T06:47:45.625Z] No action for OC.
[2024-06-04T06:47:49.819Z] No action for TOELY.
[2024-06-04T06:47:54.220Z] No action for DBX.
[2024-06-04T06:48:07.336Z] No action for KBCSY.
[2024-06-04T06:48:11.482Z] No action for BEKE.
[2024-06-04T06:48:13.694Z] No action for KD.
[2024-06-04T06:48:17.945Z] No action for IAG.
[2024-06-04T06:48:20.228Z] No action for SIG.
[2024-06-04T06:48:22.466Z] No action for SCCO.
[2024-06-04T06:48:31.416Z] No action for NEWT.
[2024-06-04T06:48:39.808Z] No action for GS.
[2024-06-04T06:48:41.867Z] No action for IPW.
[2024-06-04T06:48:46.320Z] No action for HL.
[2024-06-04T06:48:48.393Z] No action for ODD.
[2024-06-04T06:48:52.169Z] No action for PED.
[2024-06-04T06:48:56.246Z] No action for ACIC.
[2024-06-04T06:49:10.338Z] No action for BLBD.
[2024-06-04T06:49:16.786Z] No action for HMY.
[2024-06-04T06:49:20.845Z] No action for ITRI.
[2024-06-04T06:49:24.793Z] No action for SLVM.
[2024-06-04T06:49:28.786Z] No action for APP.
[2024-06-04T06:49:32.876Z] No action for DDOG.
[2024-06-04T06:49:37.182Z] No action for EPC.
[2024-06-04T06:49:39.305Z] No action for GLDD.
[2024-06-04T06:49:41.953Z] No action for HY.
[2024-06-04T06:49:44.191Z] No action for OGN.
[2024-06-04T06:49:48.444Z] No action for PMT.
[2024-06-04T06:49:52.702Z] No action for SN.
[2024-06-04T06:49:56.939Z] No action for TRTX.
[2024-06-04T06:49:59.091Z] No action for TPC.
[2024-06-04T06:50:10.217Z] No action for SFM.
