[2024-05-31T18:08:05.984Z] No action for TSLA.
[2024-05-31T18:08:24.683Z] No action for AAPL.
[2024-05-31T18:08:42.903Z] Bought 18 shares of NVDA at 1082.23 each.
[2024-05-31T18:09:01.080Z] No action for MGM.
[2024-05-31T18:09:18.977Z] No action for GPS.
[2024-05-31T18:09:37.519Z] No action for AMZN.
[2024-05-31T18:09:55.295Z] No action for RIVN.
[2024-05-31T18:10:13.593Z] No action for F.
[2024-05-31T18:10:32.079Z] No action for MSFT.
[2024-05-31T18:10:49.833Z] No action for META.
[2024-05-31T18:11:08.715Z] No action for GOOG.
[2024-05-31T18:11:26.550Z] No action for LLY.
[2024-05-31T18:11:44.701Z] No action for JPM.
[2024-05-31T18:12:02.927Z] No action for PG.
[2024-05-31T18:12:20.775Z] No action for AMD.
[2024-05-31T18:12:38.436Z] No action for PYPL.
[2024-05-31T18:12:56.325Z] No action for EXC.
[2024-05-31T18:13:14.496Z] No action for EA.
[2024-05-31T18:13:32.927Z] No action for BIIB.
[2024-05-31T18:13:51.979Z] No action for JD.
[2024-05-31T18:14:10.009Z] No action for HPQ.
[2024-05-31T18:14:28.257Z] No action for RCL.
[2024-05-31T18:14:46.794Z] No action for ARM.
[2024-05-31T18:15:06.900Z] No action for ANF.
[2024-05-31T18:15:25.146Z] No action for CHWY.
[2024-05-31T18:15:43.388Z] No action for JNJ.
[2024-05-31T18:16:01.274Z] No action for PFE.
[2024-05-31T18:16:18.845Z] No action for MRK.
[2024-05-31T18:16:36.700Z] No action for UNH.
[2024-05-31T18:16:54.287Z] No action for ABBV.
[2024-05-31T18:17:12.097Z] No action for BAC.
[2024-05-31T18:17:30.175Z] No action for GS.
[2024-05-31T18:17:48.310Z] No action for C.
[2024-05-31T18:18:06.804Z] No action for WFC.
[2024-05-31T18:18:24.990Z] No action for KO.
[2024-05-31T18:18:44.016Z] No action for PEP.
[2024-05-31T18:19:02.288Z] No action for UL.
[2024-05-31T18:19:20.972Z] No action for CL.
[2024-05-31T18:19:39.390Z] No action for GE.
[2024-05-31T18:19:57.113Z] No action for BA.
[2024-05-31T18:20:15.236Z] No action for CAT.
[2024-05-31T18:20:52.335Z] No action for HON.
[2024-05-31T18:21:09.837Z] No action for XOM.
[2024-05-31T18:21:28.665Z] No action for CVX.
[2024-05-31T18:21:47.231Z] No action for COP.
[2024-05-31T18:22:05.220Z] No action for SLB.
[2024-05-31T18:22:22.567Z] No action for HAL.
[2024-05-31T18:22:40.113Z] No action for NEE.
[2024-05-31T18:22:58.344Z] No action for DUK.
[2024-05-31T18:23:16.434Z] No action for D.
[2024-05-31T18:23:34.856Z] No action for SO.
[2024-05-31T18:23:52.612Z] No action for AEP.
[2024-05-31T18:24:11.145Z] No action for VZ.
[2024-05-31T18:24:28.967Z] No action for T.
[2024-05-31T18:24:47.256Z] No action for TMUS.
[2024-05-31T18:25:05.100Z] Bought 464 shares of CMCSA at 38.87 each.
[2024-05-31T18:25:22.740Z] No action for CHTR.
[2024-05-31T18:25:40.386Z] No action for DIS.
[2024-05-31T18:25:58.363Z] No action for MCD.
[2024-05-31T18:26:16.730Z] No action for SBUX.
[2024-05-31T18:26:34.553Z] Bought 25 shares of NFLX at 647.66 each.
[2024-05-31T18:26:52.209Z] No action for BKNG.
[2024-05-31T18:27:10.427Z] Bought 179 shares of LNTH at 81.57 each.
[2024-05-31T19:30:03.834Z] No action for TSLA.
[2024-05-31T19:30:21.647Z] No action for AAPL.
[2024-05-31T19:30:39.457Z] Holding NVDA. No action taken.
[2024-05-31T19:30:56.976Z] No action for MGM.
[2024-05-31T19:31:15.364Z] No action for GPS.
[2024-05-31T19:31:34.357Z] No action for AMZN.
[2024-05-31T19:31:52.951Z] No action for RIVN.
[2024-05-31T19:32:11.519Z] No action for F.
[2024-05-31T19:32:29.561Z] No action for MSFT.
[2024-05-31T19:32:47.407Z] No action for META.
[2024-05-31T19:33:05.594Z] No action for GOOG.
[2024-05-31T19:33:23.636Z] No action for LLY.
[2024-05-31T19:33:41.340Z] No action for JPM.
[2024-05-31T19:33:59.514Z] No action for PG.
[2024-05-31T19:34:40.493Z] No action for AMD.
[2024-05-31T19:34:57.776Z] No action for PYPL.
[2024-05-31T19:35:15.229Z] No action for EXC.
[2024-05-31T19:35:34.048Z] No action for EA.
[2024-05-31T19:38:14.685Z] No action for BIIB.
[2024-05-31T19:38:32.975Z] No action for JD.
[2024-05-31T19:38:51.402Z] No action for HPQ.
[2024-05-31T19:39:09.248Z] No action for RCL.
