[2024-06-02T22:36:26.173Z] No action for TSLA.
[2024-06-02T22:36:43.473Z] No action for AAPL.
[2024-06-02T22:37:01.240Z] Bought 18 shares of NVDA at 1095.95 each.
[2024-06-02T22:37:18.561Z] No action for MGM.
[2024-06-02T22:37:36.473Z] No action for GPS.
[2024-06-02T22:37:53.754Z] No action for AMZN.
[2024-06-02T22:38:11.564Z] No action for RIVN.
[2024-06-02T23:13:36.397Z] No action for TSLA.
[2024-06-02T23:13:53.727Z] No action for AAPL.
[2024-06-02T23:14:11.056Z] Bought 18 shares of NVDA at 1095.95 each.
[2024-06-02T23:14:28.404Z] No action for MGM.
[2024-06-02T23:14:45.907Z] No action for GPS.
[2024-06-02T23:15:03.596Z] No action for AMZN.
[2024-06-02T23:15:21.073Z] No action for RIVN.
[2024-06-02T23:15:38.446Z] No action for F.
[2024-06-02T23:15:56.237Z] No action for MSFT.
[2024-06-02T23:16:14.633Z] No action for META.
[2024-06-02T23:16:31.537Z] No action for GOOG.
[2024-06-02T23:16:49.267Z] No action for LLY.
[2024-06-02T23:17:06.503Z] No action for JPM.
[2024-06-02T23:17:24.520Z] No action for PG.
[2024-06-02T23:17:42.104Z] No action for AMD.
[2024-06-02T23:17:59.316Z] No action for PYPL.
[2024-06-02T23:18:16.813Z] No action for EXC.
[2024-06-02T23:18:34.331Z] No action for EA.
[2024-06-02T23:18:51.713Z] No action for BIIB.
[2024-06-02T23:19:09.040Z] No action for JD.
[2024-06-02T23:19:26.565Z] No action for HPQ.
[2024-06-02T23:19:44.103Z] Bought 121 shares of RCL at 148.43 each.
[2024-06-02T23:20:02.465Z] No action for ARM.
[2024-06-02T23:20:20.069Z] Bought 93 shares of ANF at 172.87 each.
[2024-06-02T23:20:37.884Z] No action for CHWY.
[2024-06-02T23:20:54.777Z] No action for JNJ.
[2024-06-02T23:21:12.220Z] No action for PFE.
[2024-06-02T23:21:30.130Z] No action for MRK.
[2024-06-02T23:21:47.693Z] No action for UNH.
[2024-06-02T23:22:05.137Z] No action for ABBV.
[2024-06-02T23:22:22.633Z] No action for BAC.
[2024-06-02T23:22:39.936Z] No action for GS.
[2024-06-02T23:22:57.243Z] No action for C.
[2024-06-02T23:23:14.680Z] No action for WFC.
[2024-06-02T23:23:32.048Z] No action for KO.
[2024-06-02T23:23:50.366Z] No action for PEP.
[2024-06-02T23:24:08.187Z] No action for UL.
[2024-06-02T23:24:26.502Z] No action for CL.
[2024-06-02T23:24:44.456Z] No action for GE.
[2024-06-02T23:25:02.607Z] No action for BA.
[2024-06-02T23:25:19.979Z] No action for CAT.
[2024-06-02T23:25:37.462Z] No action for MMM.
[2024-06-02T23:25:55.890Z] No action for HON.
[2024-06-02T23:26:13.336Z] No action for XOM.
[2024-06-02T23:26:30.739Z] No action for CVX.
[2024-06-02T23:26:48.260Z] No action for COP.
[2024-06-02T23:27:06.487Z] No action for SLB.
[2024-06-02T23:27:23.949Z] No action for HAL.
[2024-06-02T23:27:41.394Z] No action for NEE.
[2024-06-02T23:27:58.822Z] No action for DUK.
[2024-06-02T23:28:16.324Z] No action for D.
[2024-06-02T23:28:34.242Z] No action for SO.
[2024-06-02T23:28:51.846Z] No action for AEP.
[2024-06-02T23:29:09.545Z] No action for VZ.
[2024-06-02T23:29:27.211Z] No action for T.
[2024-06-02T23:29:44.731Z] No action for TMUS.
[2024-06-02T23:30:02.343Z] No action for CMCSA.
[2024-06-02T23:30:19.956Z] No action for CHTR.
[2024-06-02T23:30:37.358Z] No action for DIS.
[2024-06-02T23:30:54.792Z] No action for MCD.
[2024-06-02T23:31:12.590Z] No action for SBUX.
[2024-06-02T23:31:29.977Z] Bought 22 shares of NFLX at 642.03 each.
[2024-06-02T23:31:47.483Z] No action for BKNG.
[2024-06-02T23:32:04.834Z] Bought 161 shares of LNTH at 81.83 each.
[2024-06-03T00:08:54.343Z] No action for TSLA.
[2024-06-03T00:09:06.645Z] No action for AAPL.
[2024-06-03T00:09:18.948Z] Bought 18 shares of NVDA at 1095.95 each.
[2024-06-03T00:09:31.268Z] No action for MGM.
[2024-06-03T00:09:43.621Z] No action for GPS.
[2024-06-03T00:09:56.268Z] No action for AMZN.
[2024-06-03T00:10:25.288Z] No action for TSLA.
[2024-06-03T00:10:37.567Z] No action for AAPL.
[2024-06-03T00:10:49.740Z] Bought 18 shares of NVDA at 1095.95 each.
[2024-06-03T00:11:02.627Z] No action for MGM.
[2024-06-03T00:11:15.096Z] No action for GPS.
[2024-06-03T00:15:11.234Z] No action for TSLA.
[2024-06-03T00:21:06.595Z] No action for TSLA.
[2024-06-03T00:21:18.874Z] No action for AAPL.
[2024-06-03T00:21:32.608Z] No action for NVDA.
[2024-06-03T00:21:44.283Z] No action for MGM.
[2024-06-03T00:21:56.726Z] No action for GPS.
[2024-06-03T00:32:05.685Z] No action for TSLA.
[2024-06-03T00:32:55.777Z] No action for TSLA.
[2024-06-03T00:33:03.649Z] No action for AAPL.
[2024-06-03T00:33:11.009Z] Bought 18 shares of NVDA at 1095.95 each.
[2024-06-03T00:33:18.657Z] No action for MGM.
[2024-06-03T00:33:25.928Z] No action for GPS.
[2024-06-03T00:34:51.219Z] No action for TSLA.
[2024-06-03T00:34:58.380Z] No action for AAPL.
[2024-06-03T00:35:06.069Z] No action for NVDA.
[2024-06-03T00:35:13.313Z] No action for MGM.
[2024-06-03T00:35:20.513Z] No action for GPS.
[2024-06-03T00:48:47.789Z] No action for TSLA.
[2024-06-03T00:48:55.612Z] No action for AAPL.
[2024-06-03T00:49:02.946Z] Bought 18 shares of NVDA at 1095.95 each.
[2024-06-03T00:49:10.441Z] No action for MGM.
[2024-06-03T00:49:17.677Z] No action for GPS.
[2024-06-03T00:49:43.022Z] No action for TSLA.
[2024-06-03T00:49:50.248Z] No action for AAPL.
[2024-06-03T00:49:57.998Z] Holding NVDA. No action taken.
[2024-06-03T00:50:06.199Z] No action for MGM.
[2024-06-03T00:50:13.837Z] No action for GPS.
