[2024-06-04T19:06:31.095Z] No action for TSM.
[2024-06-04T19:06:33.697Z] No action for ARM.
[2024-06-04T19:06:35.985Z] No action for TSLA.
[2024-06-04T19:06:38.475Z] No action for AAPL.
[2024-06-04T19:06:49.094Z] No action for AMZN.
[2024-06-04T19:06:51.508Z] No action for RIVN.
[2024-06-04T19:06:53.742Z] No action for F.
[2024-06-04T19:06:56.875Z] No action for MSFT.
[2024-06-04T19:06:59.632Z] No action for META.
[2024-06-04T19:07:01.974Z] No action for GOOG.
[2024-06-04T19:07:04.236Z] No action for FLNC.
[2024-06-04T19:07:06.514Z] No action for LLY.
[2024-06-04T19:07:09.307Z] No action for JPM.
[2024-06-04T19:07:11.627Z] No action for PG.
[2024-06-04T19:07:14.237Z] No action for AMD.
[2024-06-04T19:07:16.760Z] No action for ANET.
[2024-06-04T19:07:19.039Z] No action for PYPL.
[2024-06-04T19:07:21.491Z] No action for EXC.
[2024-06-04T19:07:28.447Z] No action for JD.
[2024-06-04T19:07:30.984Z] No action for HPQ.
[2024-06-04T19:07:35.759Z] No action for ARM.
[2024-06-04T19:07:40.363Z] Holding CHWY. No action taken.
[2024-06-04T19:07:42.523Z] No action for JNJ.
[2024-06-04T19:07:44.767Z] No action for PFE.
[2024-06-04T19:07:47.119Z] No action for MRK.
[2024-06-04T19:07:49.487Z] No action for UNH.
[2024-06-04T19:07:54.234Z] No action for BAC.
[2024-06-04T19:07:56.645Z] No action for GS.
[2024-06-04T19:07:58.987Z] No action for C.
[2024-06-04T19:08:01.465Z] No action for WFC.
[2024-06-04T19:08:03.883Z] No action for KO.
[2024-06-04T19:08:06.463Z] No action for PEP.
[2024-06-04T19:08:09.179Z] No action for UL.
[2024-06-04T19:08:11.683Z] No action for CL.
[2024-06-04T19:08:14.058Z] No action for GE.
[2024-06-04T19:08:16.797Z] No action for BA.
[2024-06-04T19:08:19.360Z] No action for CAT.
[2024-06-04T19:08:22.181Z] No action for MMM.
[2024-06-04T19:08:24.828Z] No action for HON.
[2024-06-04T19:08:27.414Z] No action for XOM.
[2024-06-04T19:08:30.412Z] No action for CVX.
[2024-06-04T19:08:32.615Z] No action for COP.
[2024-06-04T19:08:35.031Z] No action for SLB.
[2024-06-04T19:08:37.291Z] No action for HAL.
[2024-06-04T19:08:40.157Z] No action for NEE.
[2024-06-04T19:08:42.473Z] No action for DUK.
[2024-06-04T19:08:44.755Z] No action for D.
[2024-06-04T19:08:46.908Z] No action for SO.
[2024-06-04T19:08:49.226Z] No action for AEP.
[2024-06-04T19:08:51.740Z] No action for VZ.
[2024-06-04T19:08:54.350Z] No action for T.
[2024-06-04T19:08:56.839Z] No action for TMUS.
[2024-06-04T19:09:01.473Z] No action for CHTR.
[2024-06-04T19:09:03.666Z] No action for DIS.
[2024-06-04T19:09:05.846Z] No action for MCD.
[2024-06-04T19:09:08.172Z] No action for SBUX.
[2024-06-04T19:09:10.564Z] Holding NFLX. No action taken.
[2024-06-04T19:09:14.857Z] No action for OSCR.
[2024-06-04T19:09:19.761Z] No action for VMEO.
[2024-06-04T19:09:22.005Z] No action for PLTR.
[2024-06-04T19:09:24.092Z] No action for WWW.
[2024-06-04T19:09:28.615Z] No action for BRFS.
[2024-06-04T19:09:31.053Z] No action for DFIN.
[2024-06-04T19:09:35.495Z] No action for GTN.
[2024-06-04T19:09:37.755Z] No action for HIMS.
[2024-06-04T19:09:42.449Z] No action for MMYT.
[2024-06-04T19:09:53.939Z] No action for RGA.
[2024-06-04T19:09:58.812Z] No action for SSTK.
[2024-06-04T19:10:03.329Z] No action for JYNT.
[2024-06-04T19:10:08.241Z] No action for WWD.
[2024-06-04T19:10:11.288Z] No action for AROC.
[2024-06-04T19:10:25.646Z] No action for GVA.
[2024-06-04T19:10:27.947Z] No action for HAS.
[2024-06-04T19:10:30.539Z] No action for LDOS.
[2024-06-04T19:10:33.030Z] No action for NWPX.
[2024-06-04T19:10:35.365Z] No action for OSPN.
[2024-06-04T19:10:37.678Z] No action for AGS.
[2024-06-04T19:10:42.348Z] No action for SPXC.
[2024-06-04T19:10:46.837Z] Holding AXTA. No action taken.
[2024-06-04T19:10:49.189Z] No action for GRMN.
[2024-06-04T19:10:54.001Z] No action for CVLT.
[2024-06-04T19:10:59.364Z] No action for VTMX.
[2024-06-04T19:11:02.348Z] No action for MS.
[2024-06-04T19:11:04.720Z] No action for POWL.
[2024-06-04T19:11:09.767Z] No action for TMHC.
[2024-06-04T19:11:12.037Z] No action for WING.
[2024-06-04T19:11:14.446Z] No action for ZBRA.
[2024-06-04T19:11:16.814Z] No action for AEM.
[2024-06-04T19:11:21.393Z] No action for MBIN.
[2024-06-04T19:11:23.715Z] Holding MTX. No action taken.
[2024-06-04T19:11:27.999Z] No action for AMKR.
[2024-06-04T19:11:30.662Z] No action for KALU.
[2024-06-04T19:11:33.293Z] No action for SKX.
[2024-06-04T19:11:35.669Z] No action for UMBF.
[2024-06-04T19:11:38.434Z] No action for CSL.
[2024-06-04T19:11:40.759Z] No action for NTNX.
[2024-06-04T19:11:42.936Z] No action for OSK.
[2024-06-04T19:11:45.217Z] No action for PUBM.
[2024-06-04T19:11:49.603Z] No action for SKYW.
[2024-06-04T19:11:54.014Z] No action for TPH.
[2024-06-04T19:11:58.440Z] No action for WAB.
[2024-06-04T19:12:03.410Z] No action for ERO.
[2024-06-04T19:12:05.885Z] No action for PHM.
[2024-06-04T19:12:08.604Z] Holding AZZ. No action taken.
[2024-06-04T19:12:12.840Z] Holding ASIX. No action taken.
[2024-06-04T19:12:17.451Z] No action for LPX.
[2024-06-04T19:12:20.037Z] Holding AU. No action taken.
[2024-06-04T19:12:22.485Z] No action for BMI.
[2024-06-04T19:12:27.428Z] No action for GFI.
[2024-06-04T19:12:31.884Z] No action for FBK.
[2024-06-04T19:12:41.112Z] No action for SUZ.
[2024-06-04T19:12:50.590Z] Holding JAKK. No action taken.
[2024-06-04T19:12:52.895Z] Holding STEP. No action taken.
[2024-06-04T19:12:55.291Z] No action for NTRS.
[2024-06-04T19:12:59.849Z] No action for GRPN.
[2024-06-04T19:13:02.152Z] No action for BB.
[2024-06-04T19:13:07.394Z] No action for GCT.
[2024-06-04T19:13:12.547Z] No action for CIFR.
[2024-06-04T19:13:17.080Z] No action for FIX.
[2024-06-04T19:13:22.910Z] No action for HCI.
[2024-06-04T19:13:25.513Z] No action for EME.
[2024-06-04T19:13:30.022Z] No action for DUOL.
[2024-06-04T19:13:32.293Z] No action for BKNG.
[2024-06-04T19:13:36.557Z] No action for BSIG.
[2024-06-04T19:13:41.111Z] No action for CLS.
[2024-06-04T19:13:47.880Z] No action for IVR.
[2024-06-04T19:13:52.443Z] No action for ITOCY.
[2024-06-04T19:13:54.817Z] No action for JHG.
[2024-06-04T19:13:57.209Z] No action for LMAT.
[2024-06-04T19:13:59.979Z] No action for M.
[2024-06-04T19:14:02.668Z] No action for MLM.
[2024-06-04T19:14:06.930Z] No action for NTIC.
[2024-06-04T19:14:14.058Z] No action for PDD.
[2024-06-04T19:14:16.621Z] No action for RSVR.
[2024-06-04T19:14:20.862Z] No action for SM.
[2024-06-04T19:14:25.362Z] No action for SGRP.
[2024-06-04T19:14:32.275Z] No action for WU.
[2024-06-04T19:14:37.279Z] No action for UPLD.
[2024-06-04T19:14:42.060Z] No action for VTS.
[2024-06-04T19:14:44.875Z] No action for APTV.
[2024-06-04T19:14:47.313Z] No action for EAT.
[2024-06-04T19:14:51.956Z] No action for CPA.
[2024-06-04T19:14:54.230Z] No action for DD.
[2024-06-04T19:14:56.498Z] No action for LNTH.
[2024-06-04T19:14:58.897Z] No action for PBI.
[2024-06-04T19:15:03.320Z] No action for UNCRY.
[2024-06-04T19:15:13.276Z] No action for GOLD.
[2024-06-04T19:15:20.679Z] No action for COOP.
[2024-06-04T19:15:28.197Z] No action for SHIP.
[2024-06-04T19:15:32.776Z] No action for SCBFF.
[2024-06-04T19:15:35.161Z] No action for TYL.
[2024-06-04T19:15:37.982Z] No action for MNDY.
[2024-06-04T19:15:47.336Z] No action for SPNS.
[2024-06-04T19:15:49.665Z] No action for CIM.
[2024-06-04T19:15:57.114Z] No action for BMA.
[2024-06-04T19:16:01.943Z] No action for PRMW.
[2024-06-04T19:16:16.152Z] No action for HUYA.
[2024-06-04T19:16:18.334Z] No action for OC.
[2024-06-04T19:16:23.128Z] No action for TOELY.
[2024-06-04T19:16:26.265Z] Holding CHWY. No action taken.
[2024-06-04T19:16:28.648Z] No action for DBX.
[2024-06-04T19:16:33.272Z] No action for AOSL.
[2024-06-04T19:16:43.794Z] No action for KBCSY.
[2024-06-04T19:16:48.640Z] No action for BEKE.
[2024-06-04T19:16:51.312Z] No action for KD.
[2024-06-04T19:16:56.068Z] No action for IAG.
[2024-06-04T19:17:01.928Z] No action for SCCO.
[2024-06-04T19:17:11.290Z] No action for NEWT.
[2024-06-04T19:17:18.266Z] No action for BWEN.
[2024-06-04T19:17:20.499Z] No action for GS.
[2024-06-04T19:17:22.829Z] No action for IPW.
[2024-06-04T19:17:27.719Z] No action for HL.
[2024-06-04T19:17:30.428Z] No action for ODD.
[2024-06-04T19:17:34.929Z] No action for PED.
[2024-06-04T19:17:39.568Z] No action for ACIC.
[2024-06-04T19:17:51.139Z] No action for SNCR.
[2024-06-04T19:17:55.720Z] No action for BLBD.
[2024-06-04T19:18:03.068Z] No action for HMY.
[2024-06-04T19:18:07.731Z] No action for ITRI.
[2024-06-04T19:18:12.249Z] No action for SLVM.
[2024-06-04T19:18:17.858Z] No action for APP.
[2024-06-04T19:18:20.357Z] No action for ASM.
[2024-06-04T19:18:22.653Z] No action for DDOG.
[2024-06-04T19:18:27.471Z] No action for EPC.
[2024-06-04T19:18:29.865Z] No action for GLDD.
[2024-06-04T19:18:32.531Z] No action for HY.
[2024-06-04T19:18:35.009Z] No action for OGN.
[2024-06-04T19:18:39.928Z] No action for PMT.
[2024-06-04T19:18:44.676Z] No action for SN.
[2024-06-04T19:18:49.242Z] No action for TRTX.
[2024-06-04T19:18:51.499Z] No action for TPC.
[2024-06-04T19:19:01.006Z] No action for SIMO.
[2024-06-04T19:19:03.554Z] No action for SFM.
